= Host-specific information ====================================================
$> hostname; uname -msr
mi-t6.msk.21-school.ru
Darwin 18.7.0 x86_64
$> date
Sat Aug  7 11:16:23 MSK 2021
$> gcc --version
Configured with: --prefix=/Applications/Xcode.app/Contents/Developer/usr --with-gxx-include-dir=/Library/Developer/CommandLineTools/SDKs/MacOSX10.14.sdk/usr/include/c++/4.2.1
Apple clang version 11.0.0 (clang-1100.0.33.17)
Target: x86_64-apple-darwin18.7.0
Thread model: posix
InstalledDir: /Applications/Xcode.app/Contents/Developer/Toolchains/XcodeDefault.xctoolchain/usr/bin
$> clang --version
Apple clang version 11.0.0 (clang-1100.0.33.17)
Target: x86_64-apple-darwin18.7.0
Thread model: posix
InstalledDir: /Applications/Xcode.app/Contents/Developer/Toolchains/XcodeDefault.xctoolchain/usr/bin

= User files collection ========================================================
Collecting user files from Vogsphere
Repository URL: git@vogsphere.msk.21-school.ru:vogsphere/intra-uuid-dd773109-c7cb-44a6-96d8-989b65707363-3696493

= Git history ==================================================================
$> git -C /tmp/tmp4pyED2/user log --pretty='%H - %an, %ad : %s'
42cf17ea1fa20f3cfb1759255fb2b5472449e2c0 - Silvia Serwyn, Fri Aug 6 21:37:37 2021 +0300 : edited 'ex08'
2af83d7e749d412534feb95eb7e63fce139b0a2a - Silvia Serwyn, Thu Aug 5 20:38:33 2021 +0300 : edited ex04
d6492b274a395d67cd71f3e64f3cc4160763b486 - Silvia Serwyn, Thu Aug 5 19:49:34 2021 +0300 : 1st
 
= Collected files ==========================================
$> ls -lAR /tmp/tmp4pyED2/user
total 8
-rw-r--r--  1 root  wheel  1603 Aug  7 11:16 __GIT_HISTORY
drwxr-xr-x  4 root  wheel   128 Aug  7 11:16 ex00
drwxr-xr-x  3 root  wheel    96 Aug  7 11:16 ex01
drwxr-xr-x  4 root  wheel   128 Aug  7 11:16 ex02
drwxr-xr-x  4 root  wheel   128 Aug  7 11:16 ex03
drwxr-xr-x  4 root  wheel   128 Aug  7 11:16 ex04
drwxr-xr-x  4 root  wheel   128 Aug  7 11:16 ex05
drwxr-xr-x  4 root  wheel   128 Aug  7 11:16 ex06
drwxr-xr-x  4 root  wheel   128 Aug  7 11:16 ex07
drwxr-xr-x  4 root  wheel   128 Aug  7 11:16 ex08

/tmp/tmp4pyED2/user/ex00:
total 24
-rw-r--r--  1 root  wheel  6148 Aug  7 11:16 .DS_Store
-rw-r--r--  1 root  wheel   929 Aug  7 11:16 ft_ft.c

/tmp/tmp4pyED2/user/ex01:
total 8
-rw-r--r--  1 root  wheel  954 Aug  7 11:16 ft_ultimate_ft.c

/tmp/tmp4pyED2/user/ex02:
total 24
-rw-r--r--  1 root  wheel  6148 Aug  7 11:16 .DS_Store
-rw-r--r--  1 root  wheel   968 Aug  7 11:16 ft_swap.c

/tmp/tmp4pyED2/user/ex03:
total 24
-rw-r--r--  1 root  wheel  6148 Aug  7 11:16 .DS_Store
-rw-r--r--  1 root  wheel   976 Aug  7 11:16 ft_div_mod.c

/tmp/tmp4pyED2/user/ex04:
total 24
-rw-r--r--  1 root  wheel  6148 Aug  7 11:16 .DS_Store
-rw-r--r--  1 root  wheel  1032 Aug  7 11:16 ft_ultimate_div_mod.c

/tmp/tmp4pyED2/user/ex05:
total 24
-rw-r--r--  1 root  wheel  6148 Aug  7 11:16 .DS_Store
-rw-r--r--  1 root  wheel  1074 Aug  7 11:16 ft_putstr.c

/tmp/tmp4pyED2/user/ex06:
total 24
-rw-r--r--  1 root  wheel  6148 Aug  7 11:16 .DS_Store
-rw-r--r--  1 root  wheel   992 Aug  7 11:16 ft_strlen.c

/tmp/tmp4pyED2/user/ex07:
total 24
-rw-r--r--  1 root  wheel  6148 Aug  7 11:16 .DS_Store
-rw-r--r--  1 root  wheel  1105 Aug  7 11:16 ft_rev_int_tab.c

/tmp/tmp4pyED2/user/ex08:
total 24
-rw-r--r--  1 root  wheel  6148 Aug  7 11:16 .DS_Store
-rw-r--r--  1 root  wheel  1195 Aug  7 11:16 ft_sort_int_tab.c
 
= ex00 =========================================================================
$> /usr/bin/norminette -R CheckForbiddenSourceHeader ft_ft.c | grep -E '^(Error|Warning)'

$> gcc -Wextra -Wall -Werror ft_ft.c test_ft_ft.c -o user_exe 

$> gcc -Wextra -Wall -Werror ft_ft.c test_ft_ft.c -o ref_exe 

= Test 1 ===================================================
$> ./gnh3e1fzjnw29it52sxcliz2
$> ./gnh3e1fzjnw29it52sxcliz2
$> diff -U 3 user_output_test1 test1.output | cat -e

Diff OK :D
Grade: 10

= ex01 =========================================================================
$> /usr/bin/norminette -R CheckForbiddenSourceHeader ft_ultimate_ft.c | grep -E '^(Error|Warning)'

$> gcc -Wextra -Wall -Werror ft_ultimate_ft.c test_ft_ultimate_ft.c -o user_exe 

$> gcc -Wextra -Wall -Werror ft_ultimate_ft.c test_ft_ultimate_ft.c -o ref_exe 

= Test 1 ===================================================
$> ./gostronyb2bfzn798cgq1bom
$> ./gostronyb2bfzn798cgq1bom
$> diff -U 3 user_output_test1 test1.output | cat -e

Diff OK :D
Grade: 10

= ex02 =========================================================================
$> /usr/bin/norminette -R CheckForbiddenSourceHeader ft_swap.c | grep -E '^(Error|Warning)'

$> gcc -Wextra -Wall -Werror ft_swap.c main.c -o user_exe 

= Test 1 ===================================================
$> ./gomipkb9j3pr71cbmjfkggta
$> diff -U 3 user_output_test1 test1.output | cat -e

Diff OK :D
Grade: 10

= ex03 =========================================================================
$> /usr/bin/norminette -R CheckForbiddenSourceHeader ft_div_mod.c | grep -E '^(Error|Warning)'

$> gcc -Wextra -Wall -Werror main.c ft_div_mod.c -o user_exe 

= Test 1 ===================================================
$> ./meznky4anm24gw8n0robt5tj
$> diff -U 3 user_output_test1 test1.output | cat -e

Diff OK :D
Grade: 10

= ex04 =========================================================================
$> /usr/bin/norminette -R CheckForbiddenSourceHeader ft_ultimate_div_mod.c | grep -E '^(Error|Warning)'

$> gcc -Wextra -Wall -Werror ft_ultimate_div_mod.c main.c -o user_exe 

= Test 1 ===================================================
$> ./6aisre1rsk2eil2gfuqvaqrb
$> diff -U 3 user_output_test1 test1.output | cat -e

Diff OK :D
Grade: 10

= ex05 =========================================================================
$> /usr/bin/norminette -R CheckForbiddenSourceHeader ft_putstr.c | grep -E '^(Error|Warning)'

$> gcc -Wextra -Wall -Werror test_ft_putstr.c ft_putstr.c -o user_exe 

$> gcc -Wextra -Wall -Werror test_ft_putstr.c ft_putstr.c -o ref_exe 

= Test 1 ===================================================
$> ./rurn676olqntof58q2bx0ybi
$> ./rurn676olqntof58q2bx0ybi
$> diff -U 3 user_output_test1 test1.output | cat -e

Diff OK :D
Grade: 10

= ex06 =========================================================================
$> /usr/bin/norminette -R CheckForbiddenSourceHeader ft_strlen.c | grep -E '^(Error|Warning)'

$> gcc -Wextra -Wall -Werror ft_strlen.c test_ft_strlen.c -o user_exe 

$> gcc -Wextra -Wall -Werror ft_strlen.c test_ft_strlen.c -o ref_exe 

= Test 1 ===================================================
$> ./vhklp9agif5igzszwpj0m6ul
$> ./vhklp9agif5igzszwpj0m6ul
$> diff -U 3 user_output_test1 test1.output | cat -e

Diff OK :D
Grade: 10

= ex07 =========================================================================
$> gcc -Wextra -Wall -Werror main.c ft_rev_int_tab.c -o user_exe 

= Test 1 ===================================================
$> ./76bwf750irrz7sozkuzn2wh1
$> diff -U 3 user_output_test1 test1.output | cat -e

Diff OK :D
Grade: 15

= ex08 =========================================================================
$> gcc -Wextra -Wall -Werror main.c ft_sort_int_tab.c -o user_exe 

= Test 1 ===================================================
$> ./jph6weeofcz712856l8ha97j
$> diff -U 3 user_output_test1 test1.output | cat -e

Diff OK :D
Grade: 15

= Final grade: 100 =============================================================