= Host-specific information ====================================================
$> hostname; uname -msr
ox-i2.msk.21-school.ru
Darwin 18.7.0 x86_64
$> date
Sat Aug 14 12:51:45 MSK 2021
$> gcc --version
Configured with: --prefix=/Applications/Xcode.app/Contents/Developer/usr --with-gxx-include-dir=/Library/Developer/CommandLineTools/SDKs/MacOSX10.14.sdk/usr/include/c++/4.2.1
Apple clang version 11.0.0 (clang-1100.0.33.17)
Target: x86_64-apple-darwin18.7.0
Thread model: posix
InstalledDir: /Applications/Xcode.app/Contents/Developer/Toolchains/XcodeDefault.xctoolchain/usr/bin
$> clang --version
Apple clang version 11.0.0 (clang-1100.0.33.17)
Target: x86_64-apple-darwin18.7.0
Thread model: posix
InstalledDir: /Applications/Xcode.app/Contents/Developer/Toolchains/XcodeDefault.xctoolchain/usr/bin

= User files collection ========================================================
Collecting user files from Vogsphere
Repository URL: git@vogsphere.msk.21-school.ru:vogsphere/intra-uuid-e0f33b3a-0905-4aca-a4a7-b79f840b7b33-3709822

= Git history ==================================================================
$> git -C /tmp/tmpdkYLvy/user log --pretty='%H - %an, %ad : %s'
4c8502ae884e67aea71d20ed166df1eaa826d184 - Silvia Serwyn, Thu Aug 12 19:32:26 2021 +0300 : 1st
 
= Collected files ==========================================
$> ls -lAR /tmp/tmpdkYLvy/user
total 32
-rw-r--r--  1 root  wheel  8196 Aug 14 12:51 .DS_Store
-rw-r--r--  1 root  wheel   524 Aug 14 12:51 __GIT_HISTORY
drwxr-xr-x  3 root  wheel    96 Aug 14 12:51 ex00
drwxr-xr-x  3 root  wheel    96 Aug 14 12:51 ex01
drwxr-xr-x  3 root  wheel    96 Aug 14 12:51 ex02
drwxr-xr-x  3 root  wheel    96 Aug 14 12:51 ex03

/tmp/tmpdkYLvy/user/ex00:
total 8
-rw-r--r--  1 root  wheel  1281 Aug 14 12:51 ft_strdup.c

/tmp/tmpdkYLvy/user/ex01:
total 8
-rw-r--r--  1 root  wheel  1207 Aug 14 12:51 ft_range.c

/tmp/tmpdkYLvy/user/ex02:
total 8
-rw-r--r--  1 root  wheel  1386 Aug 14 12:51 ft_ultimate_range.c

/tmp/tmpdkYLvy/user/ex03:
total 8
-rw-r--r--  1 root  wheel  1467 Aug 14 12:51 ft_strjoin.c
 
= ex00 =========================================================================
$> /usr/bin/norminette -R CheckForbiddenSourceHeader ft_strdup.c | grep -E '^(Error|Warning)'

$> gcc -Wextra -Wall -Werror main.c ft_strdup.c -o user_exe 

= Test 1 ===================================================
$> ./j7kbl715drafptoob9sd7uns
$> diff -U 3 user_output_test1 test1.output | cat -e

Diff OK :D
Grade: 15

= ex01 =========================================================================
$> /usr/bin/norminette -R CheckForbiddenSourceHeader ft_range.c | grep -E '^(Error|Warning)'

$> gcc -Wextra -Wall -Werror main.c ft_range.c -o user_exe 
ft_range.c:24:39: error: variable 'difference' is uninitialized when used here [-Werror,-Wuninitialized]
        range = (int *)malloc(sizeof(min) * (difference));
                                             ^~~~~~~~~~
ft_range.c:19:21: note: initialize the variable 'difference' to silence this warning
        long int        difference;
                                  ^
                                   = 0
1 error generated.

Could not compile 'user_exe'
Grade: 0

= ex02 =========================================================================
$> /usr/bin/norminette -R CheckForbiddenSourceHeader ft_ultimate_range.c | grep -E '^(Error|Warning)'

$> gcc -Wextra -Wall -Werror main.c ft_ultimate_range.c -o user_exe 

= Test 1 ===================================================
$> ./9660wz37hsqsudegmk0p3k2f
$> diff -U 3 user_output_test1 test1.output | cat -e

Diff OK :D
Grade: 15

= ex03 =========================================================================
$> /usr/bin/norminette -R CheckForbiddenSourceHeader ft_strjoin.c | grep -E '^(Error|Warning)'

$> gcc -Wextra -Wall -Werror ft_strjoin.c main.c -o user_exe 

= Test 1 ===================================================
$> ./v2pcc8ha0jsmaxousow12icc
Command './v2pcc8ha0jsmaxousow12icc' got killed by a SIGABORT (Signal -6)
Grade: 0

= ex04 =========================================================================
Nothing turned in
Grade: 0

= ex05 =========================================================================
Nothing turned in
Grade: 0

= Final grade: 15 ==============================================================