= Host-specific information ====================================================
$> hostname; uname -msr
ox-f2.msk.21-school.ru
Darwin 18.7.0 x86_64
$> date
Wed Aug 18 12:38:47 MSK 2021
$> gcc --version
Configured with: --prefix=/Applications/Xcode.app/Contents/Developer/usr --with-gxx-include-dir=/Library/Developer/CommandLineTools/SDKs/MacOSX10.14.sdk/usr/include/c++/4.2.1
Apple clang version 11.0.0 (clang-1100.0.33.17)
Target: x86_64-apple-darwin18.7.0
Thread model: posix
InstalledDir: /Applications/Xcode.app/Contents/Developer/Toolchains/XcodeDefault.xctoolchain/usr/bin
$> clang --version
Apple clang version 11.0.0 (clang-1100.0.33.17)
Target: x86_64-apple-darwin18.7.0
Thread model: posix
InstalledDir: /Applications/Xcode.app/Contents/Developer/Toolchains/XcodeDefault.xctoolchain/usr/bin

= User files collection ========================================================
Collecting user files from Vogsphere
Repository URL: git@vogsphere.msk.21-school.ru:vogsphere/intra-uuid-687be05c-9f83-40f7-a066-b08f8badda59-3720398

= Git history ==================================================================
$> git -C /tmp/tmptG_7XN/user log --pretty='%H - %an, %ad : %s'
2a19ed97c17f3bfb26a3b57322e14c257b96bf15 - Silvia Serwyn, Tue Aug 17 12:30:15 2021 +0300 : ex01
5d05448bc27258c5550fd097c2300d5c6c42d420 - Silvia Serwyn, Mon Aug 16 18:29:36 2021 +0300 : 1st
 
= Collected files ==========================================
$> ls -lAR /tmp/tmptG_7XN/user
total 24
-rw-r--r--  1 root  wheel  6148 Aug 18 12:38 .DS_Store
-rw-r--r--  1 root  wheel  1141 Aug 18 12:38 __GIT_HISTORY
drwxr-xr-x  6 root  wheel   192 Aug 18 12:38 ex00
drwxr-xr-x  7 root  wheel   224 Aug 18 12:38 ex01

/tmp/tmptG_7XN/user/ex00:
total 40
-rw-r--r--  1 root  wheel  6148 Aug 18 12:38 .DS_Store
-rw-r--r--  1 root  wheel  1229 Aug 18 12:38 Makefile
-rw-r--r--  1 root  wheel  1074 Aug 18 12:38 ft_putstr.c
-rw-r--r--  1 root  wheel  1713 Aug 18 12:38 main.c

/tmp/tmptG_7XN/user/ex01:
total 48
-rw-r--r--  1 root  wheel  6148 Aug 18 12:38 .DS_Store
-rw-r--r--  1 root  wheel  1232 Aug 18 12:38 Makefile
-rw-r--r--  1 root  wheel  1074 Aug 18 12:38 ft_putstr.c
-rw-r--r--  1 root  wheel   986 Aug 18 12:38 ft_strlen.c
-rw-r--r--  1 root  wheel  2457 Aug 18 12:38 main.c
 
= ex00 =========================================================================
$> /usr/bin/norminette  main.c ft_putstr.c | grep -E '^(Error|Warning)'

$> make clean && make && make fclean && make && make clean && ls -la ft_display_file
rm -f main.o ft_putstr.o
gcc -Wall -Werror -Wextra -c main.c -o main.o
gcc -Wall -Werror -Wextra -c ft_putstr.c -o ft_putstr.o
gcc -Wall -Werror -Wextra -o ft_display_file main.o ft_putstr.o
rm -f main.o ft_putstr.o
rm -f ft_display_file
gcc -Wall -Werror -Wextra -c main.c -o main.o
gcc -Wall -Werror -Wextra -c ft_putstr.c -o ft_putstr.o
gcc -Wall -Werror -Wextra -o ft_display_file main.o ft_putstr.o
rm -f main.o ft_putstr.o
-rwxr-xr-x  1 deepthought  deepthought  8696 Aug 18 09:39 ft_display_file

= Test 1 ===================================================
$> ./tfyk3d07xe5baoo1bnlxfpkq 
$> diff -U 3 user_output_test1 test1.output | cat -e

Diff OK :D
= Test 2 ===================================================
$> ./513d1h4pu7s9ozesikdsw3yx  pouet pouic
$> diff -U 3 user_output_test2 test2.output | cat -e

Diff OK :D
= Test 3 ===================================================
$> ./f1blwc8iymeggk6c0old6jbk  doesnt_exist
$> diff -U 3 user_output_test3 test3.output | cat -e

Diff OK :D
= Test 4 ===================================================
$> ./jeitihvmdupj0vebglqju97u  ./test4.output
$> diff -U 3 user_output_test4 test4.output | cat -e

Diff OK :D
= Test 5 ===================================================
$> ./z3sl8ext25k7dovy9raiju97  ./test5.output
$> diff -U 3 user_output_test5 test5.output | cat -e

Diff OK :D
= Test 6 ===================================================
$> ./tfmcfds9nyiplmuvzc78wh1n  ./test6.output
$> diff -U 3 user_output_test6 test6.output | cat -e

Diff OK :D
= Test 7 ===================================================
$> ./n4p12cb3napdpd9a3dmiqa8e  ./test7.output
$> diff -U 3 user_output_test7 test7.output | cat -e

Diff OK :D
= Test 8 ===================================================
$> ./zcwbtb0ghqquexc4406m2o1p  ./test8.output
$> diff -U 3 user_output_test8 test8.output | cat -e

Diff OK :D
= Test 9 ===================================================
$> ./v79jd4khvkus4wlk4ciiw9vn  ./test9.output
$> diff -U 3 user_output_test9 test9.output | cat -e

Diff OK :D
= Test 10 ==================================================
$> ./2344xe7onln6tmqvy7yalxy9  ./test10.output
$> diff -U 3 user_output_test10 test10.output | cat -e

Diff OK :D
= Test 11 ==================================================
$> ./tsu9kdl7uvbhx85j6c5u4o71  ./test11.output
$> diff -U 3 user_output_test11 test11.output | cat -e

Diff OK :D
= Test 12 ==================================================
$> ./jh0fo426uvn0twc7eb7eccmc  ./test12.output
$> diff -U 3 user_output_test12 test12.output | cat -e

Diff OK :D
= Test 13 ==================================================
$> ./fnhuqoj64q5www81xp46vptv  ./test13.output
$> diff -U 3 user_output_test13 test13.output | cat -e

Diff OK :D
= Test 14 ==================================================
$> ./tzvt6awnt9u9agxn1tfew076  ./test14.output
$> diff -U 3 user_output_test14 test14.output | cat -e

Diff OK :D
= Test 15 ==================================================
$> ./nrofje5rx1vlh12cfxma7ima  ./test15.output
$> diff -U 3 user_output_test15 test15.output | cat -e

Diff OK :D
Grade: 15

= ex01 =========================================================================
$> /usr/bin/norminette  ft_strlen.c main.c ft_putstr.c | grep -E '^(Error|Warning)'

$> make clean && make && make fclean && make && make clean && ls -la ft_cat
rm -f main.o ft_putstr.o ft_strlen.o
gcc -Wall -Werror -Wextra -c main.c -o main.o
gcc -Wall -Werror -Wextra -c ft_putstr.c -o ft_putstr.o
gcc -Wall -Werror -Wextra -c ft_strlen.c -o ft_strlen.o
gcc -Wall -Werror -Wextra -o ft_cat main.o ft_putstr.o ft_strlen.o
rm -f main.o ft_putstr.o ft_strlen.o
rm -f ft_cat
gcc -Wall -Werror -Wextra -c main.c -o main.o
gcc -Wall -Werror -Wextra -c ft_putstr.c -o ft_putstr.o
gcc -Wall -Werror -Wextra -c ft_strlen.c -o ft_strlen.o
gcc -Wall -Werror -Wextra -o ft_cat main.o ft_putstr.o ft_strlen.o
rm -f main.o ft_putstr.o ft_strlen.o
-rwxr-xr-x  1 deepthought  deepthought  9032 Aug 18 09:39 ft_cat

= Test 1 ===================================================
$> ulimit -s 100; ./db9ai2t986ghqtyqr05biwb4 
Command 'ulimit -s 100; ./db9ai2t986ghqtyqr05biwb4 ' timed out after 10 seconds
Grade: 0

= ex02 =========================================================================
Nothing turned in
Grade: 0

= ex03 =========================================================================
Nothing turned in
Grade: 0

= Final grade: 15 ==============================================================