= Host-specific information ====================================================
$> hostname; uname -msr
ox-t2.msk.21-school.ru
Darwin 18.7.0 x86_64
$> date
Thu Aug 19 12:04:07 MSK 2021
$> gcc --version
Configured with: --prefix=/Applications/Xcode.app/Contents/Developer/usr --with-gxx-include-dir=/Library/Developer/CommandLineTools/SDKs/MacOSX10.14.sdk/usr/include/c++/4.2.1
Apple clang version 11.0.0 (clang-1100.0.33.17)
Target: x86_64-apple-darwin18.7.0
Thread model: posix
InstalledDir: /Applications/Xcode.app/Contents/Developer/Toolchains/XcodeDefault.xctoolchain/usr/bin
$> clang --version
Apple clang version 11.0.0 (clang-1100.0.33.17)
Target: x86_64-apple-darwin18.7.0
Thread model: posix
InstalledDir: /Applications/Xcode.app/Contents/Developer/Toolchains/XcodeDefault.xctoolchain/usr/bin

= User files collection ========================================================
Collecting user files from Vogsphere
Repository URL: git@vogsphere.msk.21-school.ru:vogsphere/intra-uuid-0688a92f-a583-4ea8-9c38-5598118ae8c5-3720889

= Git history ==================================================================
$> git -C /tmp/tmpg5Ad9S/user log --pretty='%H - %an, %ad : %s'
e424ee3f69012cc7a9c05c1b4b8cf4a03d076d27 - Silvia Serwyn, Wed Aug 18 19:47:19 2021 +0300 : edited 'ex01'
e7fb838235cb07a0155359d71b060d331aeef313 - Silvia Serwyn, Wed Aug 18 19:45:19 2021 +0300 : deleted shit
821b94f718c3f56c414e84ef4da24e1bf1be4c50 - Silvia Serwyn, Wed Aug 18 19:44:56 2021 +0300 : fixed 'ex06', 'ex07' v2 and fixed 'ex04'
d00c310374a7fad4895a33cab3d113312560e2b1 - Silvia Serwyn, Wed Aug 18 19:42:42 2021 +0300 : fixed 'ex06', 'ex07'
252434aab635476faae35494aba16421a69ea034 - Silvia Serwyn, Tue Aug 17 18:43:47 2021 +0300 : 2nd
7280ba8f2ddfa4066e4bdc54b11fa18e16fb676a - Silvia Serwyn, Tue Aug 17 18:33:57 2021 +0300 : 2nd
b24b89ef22f52c41ece363d436f97bfa6c2ed294 - Silvia Serwyn, Tue Aug 17 18:32:35 2021 +0300 : 1st
 
= Collected files ==========================================
$> ls -lAR /tmp/tmpg5Ad9S/user
total 32
-rw-r--r--   1 root  wheel  6148 Aug 19 12:04 .DS_Store
-rw-r--r--   1 root  wheel  4404 Aug 19 12:04 __GIT_HISTORY
drwxr-xr-x   3 root  wheel    96 Aug 19 12:04 ex00
drwxr-xr-x   3 root  wheel    96 Aug 19 12:04 ex01
drwxr-xr-x   3 root  wheel    96 Aug 19 12:04 ex02
drwxr-xr-x   3 root  wheel    96 Aug 19 12:04 ex03
drwxr-xr-x   3 root  wheel    96 Aug 19 12:04 ex04
drwxr-xr-x  10 root  wheel   320 Aug 19 12:04 ex05
drwxr-xr-x   3 root  wheel    96 Aug 19 12:04 ex06
drwxr-xr-x   3 root  wheel    96 Aug 19 12:04 ex07

/tmp/tmpg5Ad9S/user/ex00:
total 8
-rw-r--r--  1 root  wheel  1012 Aug 19 12:04 ft_foreach.c

/tmp/tmpg5Ad9S/user/ex01:
total 8
-rw-r--r--  1 root  wheel  1119 Aug 19 12:04 ft_map.c

/tmp/tmpg5Ad9S/user/ex02:
total 8
-rw-r--r--  1 root  wheel  1044 Aug 19 12:04 ft_any.c

/tmp/tmpg5Ad9S/user/ex03:
total 8
-rw-r--r--  1 root  wheel  1085 Aug 19 12:04 ft_count_if.c

/tmp/tmpg5Ad9S/user/ex04:
total 8
-rw-r--r--  1 root  wheel  1357 Aug 19 12:04 ft_is_sort.c

/tmp/tmpg5Ad9S/user/ex05:
total 64
-rw-r--r--  1 root  wheel  1308 Aug 19 12:04 Makefile
-rw-r--r--  1 root  wheel  1887 Aug 19 12:04 ft_atoi.c
-rw-r--r--  1 root  wheel   959 Aug 19 12:04 ft_putchar.c
-rw-r--r--  1 root  wheel  1491 Aug 19 12:04 ft_putnbr.c
-rw-r--r--  1 root  wheel  1053 Aug 19 12:04 ft_putstr.c
-rw-r--r--  1 root  wheel   986 Aug 19 12:04 ft_strlen.c
-rw-r--r--  1 root  wheel  2656 Aug 19 12:04 main.c
-rw-r--r--  1 root  wheel  1124 Aug 19 12:04 operators.c

/tmp/tmpg5Ad9S/user/ex06:
total 8
-rw-r--r--  1 root  wheel  1482 Aug 19 12:04 ft_sort_string_tab.c

/tmp/tmpg5Ad9S/user/ex07:
total 8
-rw-r--r--  1 root  wheel  1318 Aug 19 12:04 ft_advanced_sort_string_tab.c
 
= ex00 =========================================================================
$> /usr/bin/norminette  ft_foreach.c | grep -E '^(Error|Warning)'

$> gcc -Wextra -Wall -Werror main.c ft_foreach.c -o user_exe 

$> gcc -Wextra -Wall -Werror main.c ft_foreach.c -o ref_exe 

= Test 1 ===================================================
$> ./uaf3i7jx76ajulg1lfmgplht "383570" "-358571" "-278902" "-158208" "211591" "336367" "-363870" "-171110" "-75742" "271871" "123608" "-276297" "-21340" "-10481" "-268243" "-77407" "185886" "131959" "370773"
$> ./uaf3i7jx76ajulg1lfmgplht "383570" "-358571" "-278902" "-158208" "211591" "336367" "-363870" "-171110" "-75742" "271871" "123608" "-276297" "-21340" "-10481" "-268243" "-77407" "185886" "131959" "370773"
$> diff -U 3 user_output_test1 test1.output | cat -e

Diff OK :D
= Test 2 ===================================================
$> ./2hcvttqnc6oxupipmig0536g "292082" "-131177" "-265799" "182574" "193797" "-408941" "-320538" "-156228" "-232859" "-29130" "136197" "136341" "-328376" "279362" "-251107" "-198294" "292631"
$> ./2hcvttqnc6oxupipmig0536g "292082" "-131177" "-265799" "182574" "193797" "-408941" "-320538" "-156228" "-232859" "-29130" "136197" "136341" "-328376" "279362" "-251107" "-198294" "292631"
$> diff -U 3 user_output_test2 test2.output | cat -e

Diff OK :D
= Test 3 ===================================================
$> ./49ki39k85y1w46bal6ifphsa "-24633" "314042"
$> ./49ki39k85y1w46bal6ifphsa "-24633" "314042"
$> diff -U 3 user_output_test3 test3.output | cat -e

Diff OK :D
= Test 4 ===================================================
$> ./bfiao73mclkf3f6ge794u7r0 "-112753" "235544" "244557" "-289791" "-397166" "343525" "19545" "69970" "-179338" "403632" "20269" "-369346" "187099" "286043" "69784"
$> ./bfiao73mclkf3f6ge794u7r0 "-112753" "235544" "244557" "-289791" "-397166" "343525" "19545" "69970" "-179338" "403632" "20269" "-369346" "187099" "286043" "69784"
$> diff -U 3 user_output_test4 test4.output | cat -e

Diff OK :D
= Test 5 ===================================================
$> ./lgho5svoviano0q2d307fqv6 "61337" "-341357" "-204345" "356915" "222883" "362547" "-146608" "-372568" "205132" "-350569" "-251003" "46698" "-387123"
$> ./lgho5svoviano0q2d307fqv6 "61337" "-341357" "-204345" "356915" "222883" "362547" "-146608" "-372568" "205132" "-350569" "-251003" "46698" "-387123"
$> diff -U 3 user_output_test5 test5.output | cat -e

Diff OK :D
= Test 6 ===================================================
$> ./86ajr06l96at1zfehjlf1qds "-367745" "-5126" "-405570" "250405" "358576" "106566" "-204069" "-339436" "-128220" "-123448" "326881" "370213" "-248233"
$> ./86ajr06l96at1zfehjlf1qds "-367745" "-5126" "-405570" "250405" "358576" "106566" "-204069" "-339436" "-128220" "-123448" "326881" "370213" "-248233"
$> diff -U 3 user_output_test6 test6.output | cat -e

Diff OK :D
= Test 7 ===================================================
$> ./aifwgutroh39anbgsqp8mww5 "126989" "25937" "130596" "217580" "-254907" "291648" "-330237" "67594" "39631" "241440" "-411018" "10693" "40300" "268923"
$> ./aifwgutroh39anbgsqp8mww5 "126989" "25937" "130596" "217580" "-254907" "291648" "-330237" "67594" "39631" "241440" "-411018" "10693" "40300" "268923"
$> diff -U 3 user_output_test7 test7.output | cat -e

Diff OK :D
= Test 8 ===================================================
$> ./qgsrw3cd2a258s5k6vvt8l03 "146404" "-176785" "-54326" "273646" "115659" "-333206" "40786" "-384097" "232726" "21806" "88683" "63288" "-340114" "195964" "-252421" "123578" "-292521"
$> ./qgsrw3cd2a258s5k6vvt8l03 "146404" "-176785" "-54326" "273646" "115659" "-333206" "40786" "-384097" "232726" "21806" "88683" "63288" "-340114" "195964" "-252421" "123578" "-292521"
$> diff -U 3 user_output_test8 test8.output | cat -e

Diff OK :D
= Test 9 ===================================================
$> ./69k80ev4elbsun30semamxec "241423" "267383" "377727" "-143680" "-193169" "197415" "126504" "59798"
$> ./69k80ev4elbsun30semamxec "241423" "267383" "377727" "-143680" "-193169" "197415" "126504" "59798"
$> diff -U 3 user_output_test9 test9.output | cat -e

Diff OK :D
= Test 10 ==================================================
$> ./8zn78k76c5090ee7llrfowh7 "-350250" "-39168" "341433" "-147022" "258348" "120667" "-177841" "3994" "-335490" "-266048" "43951" "16430" "-162012" "-89475"
$> ./8zn78k76c5090ee7llrfowh7 "-350250" "-39168" "341433" "-147022" "258348" "120667" "-177841" "3994" "-335490" "-266048" "43951" "16430" "-162012" "-89475"
$> diff -U 3 user_output_test10 test10.output | cat -e

Diff OK :D
= Test 11 ==================================================
$> ./vdg3x6nlnpv0z044c9zcejhe
$> ./vdg3x6nlnpv0z044c9zcejhe
$> diff -U 3 user_output_test11 test11.output | cat -e

Diff OK :D
Grade: 10

= ex01 =========================================================================
$> /usr/bin/norminette  ft_map.c | grep -E '^(Error|Warning)'

$> gcc -Wextra -Wall -Werror ft_map.c main.c -o user_exe 

$> gcc -Wextra -Wall -Werror ft_map.c main.c -o ref_exe 

= Test 1 ===================================================
$> ./9c6tsh9orwpkhkfvt78b55lv
$> ./9c6tsh9orwpkhkfvt78b55lv
$> diff -U 3 user_output_test1 test1.output | cat -e

Diff OK :D
= Test 2 ===================================================
$> ./oyxp83ese8gakxmk9lvozk9x "355229"
$> ./oyxp83ese8gakxmk9lvozk9x "355229"
$> diff -U 3 user_output_test2 test2.output | cat -e

Diff OK :D
= Test 3 ===================================================
$> ./e5d9vc4w31krtix63qxjixmb "-101216" "421953" "-264162" "-142841" "259693" "-209610" "-330230" "-69810" "-276130" "260674" "-25486" "211221" "-182023" "-386532"
$> ./e5d9vc4w31krtix63qxjixmb "-101216" "421953" "-264162" "-142841" "259693" "-209610" "-330230" "-69810" "-276130" "260674" "-25486" "211221" "-182023" "-386532"
$> diff -U 3 user_output_test3 test3.output | cat -e

Diff OK :D
= Test 4 ===================================================
$> ./pd818vjpi3jg0objluov6rfe "-290365" "-273976" "-234572"
$> ./pd818vjpi3jg0objluov6rfe "-290365" "-273976" "-234572"
$> diff -U 3 user_output_test4 test4.output | cat -e

Diff OK :D
= Test 5 ===================================================
$> ./jibh7g0gx2d7eri3ffpa8vy6 "212310" "367286" "-291828" "-345443" "358238" "194978" "-121644" "-366274"
$> ./jibh7g0gx2d7eri3ffpa8vy6 "212310" "367286" "-291828" "-345443" "358238" "194978" "-121644" "-366274"
$> diff -U 3 user_output_test5 test5.output | cat -e

Diff OK :D
= Test 6 ===================================================
$> ./xaz5parldn1t1hjda32scqxd "-212562" "-337792" "36757" "-46851" "-28094" "135509" "-140847" "158518" "250244" "296544" "-17775" "324871" "266093" "-387885" "77393" "-154397" "-407644" "-189737"
$> ./xaz5parldn1t1hjda32scqxd "-212562" "-337792" "36757" "-46851" "-28094" "135509" "-140847" "158518" "250244" "296544" "-17775" "324871" "266093" "-387885" "77393" "-154397" "-407644" "-189737"
$> diff -U 3 user_output_test6 test6.output | cat -e

Diff OK :D
= Test 7 ===================================================
$> ./wdc4rmibfegkz97hpw883g94 "249862" "-31284" "-174170" "-232635" "68694" "61195"
$> ./wdc4rmibfegkz97hpw883g94 "249862" "-31284" "-174170" "-232635" "68694" "61195"
$> diff -U 3 user_output_test7 test7.output | cat -e

Diff OK :D
= Test 8 ===================================================
$> ./y86uprcwd8rzcb2rxu69jhvl "16427" "-319718" "-221561" "-83613"
$> ./y86uprcwd8rzcb2rxu69jhvl "16427" "-319718" "-221561" "-83613"
$> diff -U 3 user_output_test8 test8.output | cat -e

Diff OK :D
= Test 9 ===================================================
$> ./bf7aihyvdizb5z94ucvgtpqy "174114" "-360781" "-51216"
$> ./bf7aihyvdizb5z94ucvgtpqy "174114" "-360781" "-51216"
$> diff -U 3 user_output_test9 test9.output | cat -e

Diff OK :D
= Test 10 ==================================================
$> ./y8f7ev6240vo5awow5b90i26 "-121786" "260049" "192290" "178393" "121296" "-209419"
$> ./y8f7ev6240vo5awow5b90i26 "-121786" "260049" "192290" "178393" "121296" "-209419"
$> diff -U 3 user_output_test10 test10.output | cat -e

Diff OK :D
= Test 11 ==================================================
$> ./vd6heyupfiaxvsnx34ur4fue "-231676" "39138" "69958"
$> ./vd6heyupfiaxvsnx34ur4fue "-231676" "39138" "69958"
$> diff -U 3 user_output_test11 test11.output | cat -e

Diff OK :D
Grade: 10

= ex02 =========================================================================
$> /usr/bin/norminette  ft_any.c | grep -E '^(Error|Warning)'

$> gcc -Wextra -Wall -Werror ft_any.c main.c -o user_exe 

$> gcc -Wextra -Wall -Werror ft_any.c main.c -o ref_exe 

= Test 1 ===================================================
$> ./fqd4obwnljcdlc7t3icjnr3l 
$> ./fqd4obwnljcdlc7t3icjnr3l 
$> diff -U 3 user_output_test1 test1.output | cat -e

Diff OK :D
= Test 2 ===================================================
$> ./onhyyp0r20fzram69lpsbii7 "C6J" "zYW3sciEvQ" "Qt" "yZY3x47heU" "r6UYQR" "OmyecF" "yO3vu5Gb" "eG8975h" "wo63kp" "xDVYnXbliW" "rq2xkB" "z" "6DXuaVb" "b2pTd"
$> ./onhyyp0r20fzram69lpsbii7 "C6J" "zYW3sciEvQ" "Qt" "yZY3x47heU" "r6UYQR" "OmyecF" "yO3vu5Gb" "eG8975h" "wo63kp" "xDVYnXbliW" "rq2xkB" "z" "6DXuaVb" "b2pTd"
$> diff -U 3 user_output_test2 test2.output | cat -e

Diff OK :D
= Test 3 ===================================================
$> ./232mcgqycu57u4se4cdk2v93 "ZNRs8F" "DMhw7VT89IqU" "Hbl04FcxNS" "bh1C2AfRqmyd" "VLJX" "vSNR8" "POCGpcX" "5RsoWc0Fg" "aNnvgb" "4rheKOf" "XW5FO2" "bme" "OcDZ7" "quEv453F"
$> ./232mcgqycu57u4se4cdk2v93 "ZNRs8F" "DMhw7VT89IqU" "Hbl04FcxNS" "bh1C2AfRqmyd" "VLJX" "vSNR8" "POCGpcX" "5RsoWc0Fg" "aNnvgb" "4rheKOf" "XW5FO2" "bme" "OcDZ7" "quEv453F"
$> diff -U 3 user_output_test3 test3.output | cat -e

Diff OK :D
= Test 4 ===================================================
$> ./f9l3sk6ik8k1dytgd72hmmsv "S7tXxB8" "XU1wYJK" "m9ovzFTy2" "8h0" "1kClb6YQ" "1gLXsx2pJ7f6" "19b" "5BbLPd" "RS" "gl9b12vs4iL" "fLSo16" "OdNTz" "0V" "XBUq2rKSfg0" "z8vgi4L"
$> ./f9l3sk6ik8k1dytgd72hmmsv "S7tXxB8" "XU1wYJK" "m9ovzFTy2" "8h0" "1kClb6YQ" "1gLXsx2pJ7f6" "19b" "5BbLPd" "RS" "gl9b12vs4iL" "fLSo16" "OdNTz" "0V" "XBUq2rKSfg0" "z8vgi4L"
$> diff -U 3 user_output_test4 test4.output | cat -e

Diff OK :D
= Test 5 ===================================================
$> ./2bw49akqo9fkufp9pngh6f4k "2MjIg1" "v6a8cs" "rplmZYFkea" "3C1g6" "8JOFgbv17" "6" "Qsr" "m7PceZV3td" "lgzEC8GAZ4Uw" "Zg6xO07F2y" "sM1gTwGxY" "3SOCv18wy" "b87yQpvi0DG" "1EFWv"
$> ./2bw49akqo9fkufp9pngh6f4k "2MjIg1" "v6a8cs" "rplmZYFkea" "3C1g6" "8JOFgbv17" "6" "Qsr" "m7PceZV3td" "lgzEC8GAZ4Uw" "Zg6xO07F2y" "sM1gTwGxY" "3SOCv18wy" "b87yQpvi0DG" "1EFWv"
$> diff -U 3 user_output_test5 test5.output | cat -e

Diff OK :D
= Test 6 ===================================================
$> ./vtuwpyp4sbjuzgl8dwn4mn13 "R60HQmqG8" "OjTIi6" "dS2C3NAGm7" "O" "yCi6ZwW" "odJk" "6UOqVwYg" "42rWYliJ" "i7xRgIFDh" "SLQnycw" "F0Y9WtjQN" "o" "mqhdsfGbtQlF" "bP5LCZ1"
$> ./vtuwpyp4sbjuzgl8dwn4mn13 "R60HQmqG8" "OjTIi6" "dS2C3NAGm7" "O" "yCi6ZwW" "odJk" "6UOqVwYg" "42rWYliJ" "i7xRgIFDh" "SLQnycw" "F0Y9WtjQN" "o" "mqhdsfGbtQlF" "bP5LCZ1"
$> diff -U 3 user_output_test6 test6.output | cat -e

Diff OK :D
= Test 7 ===================================================
$> ./19i7v9dei4ew18eoy5ayi6hy "Mzy" "szGW0h17gi" "XCuDz" "hCTe" "bf7t" "OKyuTCisP" "D1zMO" "9xsO"
$> ./19i7v9dei4ew18eoy5ayi6hy "Mzy" "szGW0h17gi" "XCuDz" "hCTe" "bf7t" "OKyuTCisP" "D1zMO" "9xsO"
$> diff -U 3 user_output_test7 test7.output | cat -e

Diff OK :D
= Test 8 ===================================================
$> ./cwaf0yj9ikkls9nn3tu9f1yn "T3qkdz" "a0KEydONc5H" "f" "GcqfUTkWhX9v"
$> ./cwaf0yj9ikkls9nn3tu9f1yn "T3qkdz" "a0KEydONc5H" "f" "GcqfUTkWhX9v"
$> diff -U 3 user_output_test8 test8.output | cat -e

Diff OK :D
= Test 9 ===================================================
$> ./jz1v8qascwtmx5ix0p194yxb "WrJyzYnq" "UvWd" "W" "duHLlYmw" "mqH1" "cwA8GHUd" "y4Vr7HO" "qSZChj" "cmyJWgLQ" "wVfr1YeUqGD0" "c" "6s9BU3QiJvV" "BekhQVJcr" "TNGy092bPq" "O3uiyjv" "3qxnM" "LIM" "GB" "GZCN7h6a"
$> ./jz1v8qascwtmx5ix0p194yxb "WrJyzYnq" "UvWd" "W" "duHLlYmw" "mqH1" "cwA8GHUd" "y4Vr7HO" "qSZChj" "cmyJWgLQ" "wVfr1YeUqGD0" "c" "6s9BU3QiJvV" "BekhQVJcr" "TNGy092bPq" "O3uiyjv" "3qxnM" "LIM" "GB" "GZCN7h6a"
$> diff -U 3 user_output_test9 test9.output | cat -e

Diff OK :D
= Test 10 ==================================================
$> ./n5fnvs6dc8c463jf5qmg8bga "UTtJaRwNm" "xIf241c" "qXdaW" "B" "w" "kv9K5y4f" "wVxWf" "rNWV2M6" "IJrjeHStM" "70" "fIQV3NxJ" "dhKLzrTj8cCY" "AUXuwnE24hY" "zXpE9BlSfJLa" "JSPHcNqX6hEF"
$> ./n5fnvs6dc8c463jf5qmg8bga "UTtJaRwNm" "xIf241c" "qXdaW" "B" "w" "kv9K5y4f" "wVxWf" "rNWV2M6" "IJrjeHStM" "70" "fIQV3NxJ" "dhKLzrTj8cCY" "AUXuwnE24hY" "zXpE9BlSfJLa" "JSPHcNqX6hEF"
$> diff -U 3 user_output_test10 test10.output | cat -e

Diff OK :D
= Test 11 ==================================================
$> ./z1ziucymuzx9hxjsqhnm2qgv "Q0qrEJ" "jCvH8dsGaF" "JVhTdt" "k" "QTBH7Yn1Az" "wzukN0" "D2ilSkJc1V" "HZ3DYQoO0w" "uQPOSMi2" "Q5VnJPhR7" "1aqX" "FJXHY" "wPkib5y"
$> ./z1ziucymuzx9hxjsqhnm2qgv "Q0qrEJ" "jCvH8dsGaF" "JVhTdt" "k" "QTBH7Yn1Az" "wzukN0" "D2ilSkJc1V" "HZ3DYQoO0w" "uQPOSMi2" "Q5VnJPhR7" "1aqX" "FJXHY" "wPkib5y"
$> diff -U 3 user_output_test11 test11.output | cat -e

Diff OK :D
Grade: 10

= ex03 =========================================================================
$> /usr/bin/norminette  ft_count_if.c | grep -E '^(Error|Warning)'

$> gcc -Wextra -Wall -Werror main.c ft_count_if.c -o user_exe 

$> gcc -Wextra -Wall -Werror main.c ft_count_if.c -o ref_exe 

= Test 1 ===================================================
$> ./r2jo6j07i6lx426j4ekpukkr 
$> ./r2jo6j07i6lx426j4ekpukkr 
$> diff -U 3 user_output_test1 test1.output | cat -e

Diff OK :D
= Test 2 ===================================================
$> ./uyfiqbx1cbzu8d8zc3h19u3m "ILiPJeg" "sKZ" "cauRrIWFS4" "OA9G7YVcS6h" "pXOriI"
$> ./uyfiqbx1cbzu8d8zc3h19u3m "ILiPJeg" "sKZ" "cauRrIWFS4" "OA9G7YVcS6h" "pXOriI"
$> diff -U 3 user_output_test2 test2.output | cat -e

Diff OK :D
= Test 3 ===================================================
$> ./2hemmx1z1xs8m0vo0ckxtmn1 "Pi0sxajHGI" "8Vjt" "KhMDvYkbET" "Ola8GWv" "J7ZgT" "a5P2B"
$> ./2hemmx1z1xs8m0vo0ckxtmn1 "Pi0sxajHGI" "8Vjt" "KhMDvYkbET" "Ola8GWv" "J7ZgT" "a5P2B"
$> diff -U 3 user_output_test3 test3.output | cat -e

Diff OK :D
= Test 4 ===================================================
$> ./j5n1rn2xollj2t9qg5fu2olz "p" "V" "V" "3YkpvZLF"
$> ./j5n1rn2xollj2t9qg5fu2olz "p" "V" "V" "3YkpvZLF"
$> diff -U 3 user_output_test4 test4.output | cat -e

Diff OK :D
= Test 5 ===================================================
$> ./6swcoxvwc8se7hbbt3y1ntfm "qPDjWHX" "V7uG03NxD" "ltjqKCNfk" "I" "XMUpnvoem" "s1kU8uc"
$> ./6swcoxvwc8se7hbbt3y1ntfm "qPDjWHX" "V7uG03NxD" "ltjqKCNfk" "I" "XMUpnvoem" "s1kU8uc"
$> diff -U 3 user_output_test5 test5.output | cat -e

Diff OK :D
= Test 6 ===================================================
$> ./55clu0pawzyzhp5qe0p29640 "8" "A7Pal" "3g86NtxC7" "i" "fpjmc" "8eD9u2" "d" "I" "8P3p6cWody" "xKCLi0J3" "j65Sx9OdQeK" "hN5Z7UYemHrP"
$> ./55clu0pawzyzhp5qe0p29640 "8" "A7Pal" "3g86NtxC7" "i" "fpjmc" "8eD9u2" "d" "I" "8P3p6cWody" "xKCLi0J3" "j65Sx9OdQeK" "hN5Z7UYemHrP"
$> diff -U 3 user_output_test6 test6.output | cat -e

Diff OK :D
= Test 7 ===================================================
$> ./j7ysn2axzn1xhlssn6k67tuu "D8" "lGenE3OP" "i4SF" "jCBI" "ZjW3" "W5FBe" "0" "1lZ" "6Sd" "N1vSWZPju0F" "PmihZ" "ajA" "v7JP9d3OHc" "mVG4nTcrEAh" "xW0" "w8sykRnjU"
$> ./j7ysn2axzn1xhlssn6k67tuu "D8" "lGenE3OP" "i4SF" "jCBI" "ZjW3" "W5FBe" "0" "1lZ" "6Sd" "N1vSWZPju0F" "PmihZ" "ajA" "v7JP9d3OHc" "mVG4nTcrEAh" "xW0" "w8sykRnjU"
$> diff -U 3 user_output_test7 test7.output | cat -e

Diff OK :D
= Test 8 ===================================================
$> ./qsmwf4dai5oi7rm6gpyaisu6 "gCfboBqWi53" "zwg" "vrwJLZD" "Us" "HV" "FCcvP" "s17wL9De" "uHAzJT5gE" "lHzUyR" "EfCOnhR" "4Y" "aRm4Y8E75tC" "fiPsje2pqJCc" "LsUK96" "RHcqC8e" "rJ098GjYR" "BPi7zw" "fcR2hx057aMV"
$> ./qsmwf4dai5oi7rm6gpyaisu6 "gCfboBqWi53" "zwg" "vrwJLZD" "Us" "HV" "FCcvP" "s17wL9De" "uHAzJT5gE" "lHzUyR" "EfCOnhR" "4Y" "aRm4Y8E75tC" "fiPsje2pqJCc" "LsUK96" "RHcqC8e" "rJ098GjYR" "BPi7zw" "fcR2hx057aMV"
$> diff -U 3 user_output_test8 test8.output | cat -e

Diff OK :D
= Test 9 ===================================================
$> ./riun3aq5i7fgxiei3k4z69n8 "vVgc8XM" "loB2uK034sWE" "8"
$> ./riun3aq5i7fgxiei3k4z69n8 "vVgc8XM" "loB2uK034sWE" "8"
$> diff -U 3 user_output_test9 test9.output | cat -e

Diff OK :D
= Test 10 ==================================================
$> ./1e3morbmxfmuv6sesj2zlq43 "mhi" "BI9UyH" "8BH36urs7dL" "x6c" "N3" "aelwE4h9350" "GrxORY" "YzaIrP71" "a8nFhf0" "1qNb" "EP6ROiQk8jhn" "4fCOdh" "DywIYRLs4" "3NJzfW5CVH" "sW5" "HSbN"
$> ./1e3morbmxfmuv6sesj2zlq43 "mhi" "BI9UyH" "8BH36urs7dL" "x6c" "N3" "aelwE4h9350" "GrxORY" "YzaIrP71" "a8nFhf0" "1qNb" "EP6ROiQk8jhn" "4fCOdh" "DywIYRLs4" "3NJzfW5CVH" "sW5" "HSbN"
$> diff -U 3 user_output_test10 test10.output | cat -e

Diff OK :D
= Test 11 ==================================================
$> ./5u4tj8afcf7i4tseepfojlgx "janrQKo7" "fqCVFx" "lwupgrXE" "JSmb"
$> ./5u4tj8afcf7i4tseepfojlgx "janrQKo7" "fqCVFx" "lwupgrXE" "JSmb"
$> diff -U 3 user_output_test11 test11.output | cat -e

Diff OK :D
Grade: 10

= ex04 =========================================================================
$> /usr/bin/norminette  ft_is_sort.c | grep -E '^(Error|Warning)'

$> gcc -Wextra -Wall -Werror main.c ft_is_sort.c -o user_exe 

$> gcc -Wextra -Wall -Werror main.c ft_is_sort.c -o ref_exe 

= Test 1 ===================================================
$> ./0yevf0acj375v39taymrl7k9 
$> ./0yevf0acj375v39taymrl7k9 
$> diff -U 3 user_output_test1 test1.output | cat -e

Diff OK :D
= Test 2 ===================================================
$> ./ng9dx45lnz19rrkq2b0ch6ok "319349"
$> ./ng9dx45lnz19rrkq2b0ch6ok "319349"
$> diff -U 3 user_output_test2 test2.output | cat -e

Diff OK :D
= Test 3 ===================================================
$> ./r3f3fxm5hyhx3l8evl7fpqkz  1 2 2 2 3 3 4 5 6 6 6 6 7
$> ./r3f3fxm5hyhx3l8evl7fpqkz  1 2 2 2 3 3 4 5 6 6 6 6 7
$> diff -U 3 user_output_test3 test3.output | cat -e

Diff OK :D
= Test 4 ===================================================
$> ./qa4g567aopk7e508or7amo01  1 2 2 2 3 3 4 5 6 6 6 6 7 7 7 7 7 7 7 7 7 7
$> ./qa4g567aopk7e508or7amo01  1 2 2 2 3 3 4 5 6 6 6 6 7 7 7 7 7 7 7 7 7 7
$> diff -U 3 user_output_test4 test4.output | cat -e

Diff OK :D
= Test 5 ===================================================
$> ./uofo3wr6eu8vmvs8nxgz56mt  7 7 7 7 6 6 6 6 5 5 4 3 3 3 3 3 3 3 2 2 2 2 2 1 1 1
$> ./uofo3wr6eu8vmvs8nxgz56mt  7 7 7 7 6 6 6 6 5 5 4 3 3 3 3 3 3 3 2 2 2 2 2 1 1 1
$> diff -U 3 user_output_test5 test5.output | cat -e

Diff OK :D
= Test 6 ===================================================
$> ./c4gam990z9momokxw6eqz58h "-414814" "-405418" "-402695" "-388683" "-381016" "-378291" "-369932" "-363351" "-359751" "-355708" "-341195" "-338255" "-335298" "-334931" "-332821" "-325690" "-320257" "-317419" "-315977" "-302077" "-295385" "-291652" "-289527" "-287204" "-268911" "-263233" "-257289" "-253867" "-253670" "-244607" "-239497" "-235996" "-233926" "-225118" "-224721" "-220962" "-213650" "-212972" "-200695" "-191662" "-185096" "-180786" "-180468" "-171130" "-169939" "-164509" "-153835" "-151371" "-146245" "-142106" "-135294" "-134192" "-131130" "-124312" "-121719" "-106735" "-99740" "-91509" "-79841" "-78408" "-72419" "-66917" "-59661" "-56245" "-50201" "-48017" "-27091" "-19611" "-19403" "-17383" "-12828" "-11910" "-10793" "-6329" "-6321" "-3896" "1176" "5181" "8167" "19745" "26038" "27952" "34890" "36715" "40397" "41083" "43933" "52604" "63931" "64526" "83909" "84036" "89133" "95024" "104613" "109488" "112756" "112811" "115623" "127101" "127379" "135173" "139552" "150994" "154003" "156250" "171088" "172828" "182293" "183461" "187181" "187381" "191421" "201856" "202143" "214588" "219500" "229771" "231416" "233436" "235240" "235459" "252688" "252902" "256670" "268521" "278666" "289060" "289962" "291830" "293510" "293988" "294083" "301340" "304704" "320576" "327438" "331008" "334102" "335401" "340530" "343603" "348371" "352789" "360558" "363162" "366663" "410136" "410537" "414675" "417747"
$> ./c4gam990z9momokxw6eqz58h "-414814" "-405418" "-402695" "-388683" "-381016" "-378291" "-369932" "-363351" "-359751" "-355708" "-341195" "-338255" "-335298" "-334931" "-332821" "-325690" "-320257" "-317419" "-315977" "-302077" "-295385" "-291652" "-289527" "-287204" "-268911" "-263233" "-257289" "-253867" "-253670" "-244607" "-239497" "-235996" "-233926" "-225118" "-224721" "-220962" "-213650" "-212972" "-200695" "-191662" "-185096" "-180786" "-180468" "-171130" "-169939" "-164509" "-153835" "-151371" "-146245" "-142106" "-135294" "-134192" "-131130" "-124312" "-121719" "-106735" "-99740" "-91509" "-79841" "-78408" "-72419" "-66917" "-59661" "-56245" "-50201" "-48017" "-27091" "-19611" "-19403" "-17383" "-12828" "-11910" "-10793" "-6329" "-6321" "-3896" "1176" "5181" "8167" "19745" "26038" "27952" "34890" "36715" "40397" "41083" "43933" "52604" "63931" "64526" "83909" "84036" "89133" "95024" "104613" "109488" "112756" "112811" "115623" "127101" "127379" "135173" "139552" "150994" "154003" "156250" "171088" "172828" "182293" "183461" "187181" "187381" "191421" "201856" "202143" "214588" "219500" "229771" "231416" "233436" "235240" "235459" "252688" "252902" "256670" "268521" "278666" "289060" "289962" "291830" "293510" "293988" "294083" "301340" "304704" "320576" "327438" "331008" "334102" "335401" "340530" "343603" "348371" "352789" "360558" "363162" "366663" "410136" "410537" "414675" "417747"
$> diff -U 3 user_output_test6 test6.output | cat -e

Diff OK :D
= Test 7 ===================================================
$> ./8m3yxnkglqsi9cx54d75wvfr "-412068" "-407983" "-404632" "-400037" "-398391" "-394655" "-392623" "-391630" "-385724" "-385614" "-384675" "-380925" "-367557" "-362317" "-361414" "-351227" "-331519" "-328577" "-326852" "-311742" "-305615" "-300034" "-299636" "-295432" "-291251" "-290442" "-288342" "-286858" "-281606" "-266990" "-261052" "-259589" "-250625" "-246726" "-244320" "-234329" "-234150" "-229594" "-228780" "-224275" "-220060" "-213917" "-213754" "-208303" "-207930" "-204912" "-201411" "-195472" "-193690" "-191403" "-187046" "-184170" "-172786" "-171632" "-151232" "-138956" "-124437" "-123904" "-122953" "-120015" "-113995" "-102987" "-89035" "-88493" "-86431" "-70386" "-68890" "-63428" "-62497" "-54714" "-31267" "-30170" "-27344" "-23897" "-22414" "-17369" "-15218" "-6898" "-974" "1191" "2490" "10145" "24412" "30641" "35847" "50841" "56991" "57759" "62930" "67969" "69486" "70308" "78951" "79921" "90786" "106905" "108977" "114397" "121043" "123107" "123729" "127293" "129433" "132210" "135329" "138987" "145078" "147618" "149077" "149932" "155207" "158168" "159077" "169210" "171843" "174306" "182037" "188344" "192619" "194797" "196561" "208368" "210988" "212856" "225739" "228100" "234944" "239493" "240251" "245843" "249099" "260619" "272777" "278179" "281996" "292505" "295382" "299984" "300962" "302628" "304714" "307880" "310608" "314571" "316442" "317600" "317610" "321343" "324255" "328288" "344187" "345955" "356558" "366817" "370664" "374953" "385976" "406476" "408368" "408805" "409550" "411720" "418763" "420667"
$> ./8m3yxnkglqsi9cx54d75wvfr "-412068" "-407983" "-404632" "-400037" "-398391" "-394655" "-392623" "-391630" "-385724" "-385614" "-384675" "-380925" "-367557" "-362317" "-361414" "-351227" "-331519" "-328577" "-326852" "-311742" "-305615" "-300034" "-299636" "-295432" "-291251" "-290442" "-288342" "-286858" "-281606" "-266990" "-261052" "-259589" "-250625" "-246726" "-244320" "-234329" "-234150" "-229594" "-228780" "-224275" "-220060" "-213917" "-213754" "-208303" "-207930" "-204912" "-201411" "-195472" "-193690" "-191403" "-187046" "-184170" "-172786" "-171632" "-151232" "-138956" "-124437" "-123904" "-122953" "-120015" "-113995" "-102987" "-89035" "-88493" "-86431" "-70386" "-68890" "-63428" "-62497" "-54714" "-31267" "-30170" "-27344" "-23897" "-22414" "-17369" "-15218" "-6898" "-974" "1191" "2490" "10145" "24412" "30641" "35847" "50841" "56991" "57759" "62930" "67969" "69486" "70308" "78951" "79921" "90786" "106905" "108977" "114397" "121043" "123107" "123729" "127293" "129433" "132210" "135329" "138987" "145078" "147618" "149077" "149932" "155207" "158168" "159077" "169210" "171843" "174306" "182037" "188344" "192619" "194797" "196561" "208368" "210988" "212856" "225739" "228100" "234944" "239493" "240251" "245843" "249099" "260619" "272777" "278179" "281996" "292505" "295382" "299984" "300962" "302628" "304714" "307880" "310608" "314571" "316442" "317600" "317610" "321343" "324255" "328288" "344187" "345955" "356558" "366817" "370664" "374953" "385976" "406476" "408368" "408805" "409550" "411720" "418763" "420667"
$> diff -U 3 user_output_test7 test7.output | cat -e

Diff OK :D
= Test 8 ===================================================
$> ./ej169jls6siquexu2s9jnx9r "-423705" "-416763" "-395954" "-395546" "-386965" "-386867" "-385435" "-385203" "-381601" "-378039" "-376027" "-365078" "-360669" "-355646" "-350658" "-350393" "-347309" "-340519" "-340395" "-339160" "-333198" "-330618" "-326786" "-316381" "-315822" "-310520" "-304286" "-301051" "-297021" "-281094" "-272710" "-267076" "-265555" "-259194" "-258937" "-257973" "-254134" "-233114" "-232661" "-232411" "-230639" "-224645" "-217418" "-216896" "-210178" "-203661" "-191147" "-186937" "-177808" "-173489" "-172806" "-164927" "-158958" "-155584" "-152454" "-141067" "-139952" "-138751" "-129846" "-128256" "-128200" "-126978" "-112557" "-99983" "-95351" "-77098" "-74060" "-71396" "-56038" "-53641" "-46515" "-45695" "-37804" "-36505" "-33055" "-31119" "-30131" "-11710" "5398" "7901" "9247" "12128" "13328" "28768" "29097" "48339" "53446" "53520" "54427" "54539" "60875" "62120" "66199" "70694" "73894" "91837" "97463" "104700" "104877" "110280" "110508" "111377" "121148" "131176" "138405" "146664" "154787" "163245" "163418" "167868" "167878" "173578" "178046" "207597" "209750" "219661" "224854" "247067" "249130" "249726" "250291" "252770" "254557" "266494" "271457" "278094" "280095" "285344" "292505" "292888" "300518" "307600" "312593" "318046" "320309" "321562" "330970" "352707" "364502" "375075" "383634" "388815" "389318" "390438" "405171" "410664" "412313"
$> ./ej169jls6siquexu2s9jnx9r "-423705" "-416763" "-395954" "-395546" "-386965" "-386867" "-385435" "-385203" "-381601" "-378039" "-376027" "-365078" "-360669" "-355646" "-350658" "-350393" "-347309" "-340519" "-340395" "-339160" "-333198" "-330618" "-326786" "-316381" "-315822" "-310520" "-304286" "-301051" "-297021" "-281094" "-272710" "-267076" "-265555" "-259194" "-258937" "-257973" "-254134" "-233114" "-232661" "-232411" "-230639" "-224645" "-217418" "-216896" "-210178" "-203661" "-191147" "-186937" "-177808" "-173489" "-172806" "-164927" "-158958" "-155584" "-152454" "-141067" "-139952" "-138751" "-129846" "-128256" "-128200" "-126978" "-112557" "-99983" "-95351" "-77098" "-74060" "-71396" "-56038" "-53641" "-46515" "-45695" "-37804" "-36505" "-33055" "-31119" "-30131" "-11710" "5398" "7901" "9247" "12128" "13328" "28768" "29097" "48339" "53446" "53520" "54427" "54539" "60875" "62120" "66199" "70694" "73894" "91837" "97463" "104700" "104877" "110280" "110508" "111377" "121148" "131176" "138405" "146664" "154787" "163245" "163418" "167868" "167878" "173578" "178046" "207597" "209750" "219661" "224854" "247067" "249130" "249726" "250291" "252770" "254557" "266494" "271457" "278094" "280095" "285344" "292505" "292888" "300518" "307600" "312593" "318046" "320309" "321562" "330970" "352707" "364502" "375075" "383634" "388815" "389318" "390438" "405171" "410664" "412313"
$> diff -U 3 user_output_test8 test8.output | cat -e

Diff OK :D
= Test 9 ===================================================
$> ./jfn70j7v28wkfzoz6o7yfoi6 "-420703" "-420063" "-416866" "-413440" "-413189" "-407474" "-392528" "-390462" "-385055" "-381703" "-378766" "-376402" "-373699" "-366014" "-355477" "-348273" "-346034" "-343334" "-331866" "-328650" "-325198" "-320225" "-293957" "-289765" "-271797" "-267378" "-265994" "-263676" "-263572" "-257583" "-253387" "-250322" "-247233" "-245350" "-238245" "-221722" "-215984" "-214781" "-208139" "-205082" "-201515" "-200259" "-197278" "-197126" "-196352" "-195805" "-182473" "-169514" "-161184" "-160768" "-154190" "-151580" "-150975" "-150755" "-143932" "-139339" "-135955" "-130693" "-126237" "-122819" "-122642" "-116875" "-116426" "-112482" "-105985" "-97855" "-95283" "-75391" "-67615" "-65886" "-61980" "-55723" "-51469" "-46060" "-43887" "-37822" "-25907" "-25132" "-24193" "-19913" "-19545" "-7851" "-226" "8358" "10765" "12824" "14342" "31191" "39569" "43554" "46192" "59086" "59604" "61280" "66383" "66552" "71143" "76539" "85763" "89256" "103965" "105543" "108368" "112678" "113714" "128322" "130624" "133070" "133716" "142606" "144866" "146926" "150703" "150942" "158407" "160376" "165363" "173958" "176122" "183479" "184908" "189405" "190922" "192478" "195498" "195702" "202583" "207446" "212205" "223727" "223746" "230685" "232810" "235118" "238337" "240714" "244703" "254787" "267368" "294832" "298554" "302514" "312230" "317313" "327786" "334299" "343638" "346505" "347664" "353992" "357975" "362826" "363703" "374106" "374902" "377025" "383843" "402442" "404202" "407414" "411276" "415833" "423512" "423923"
$> ./jfn70j7v28wkfzoz6o7yfoi6 "-420703" "-420063" "-416866" "-413440" "-413189" "-407474" "-392528" "-390462" "-385055" "-381703" "-378766" "-376402" "-373699" "-366014" "-355477" "-348273" "-346034" "-343334" "-331866" "-328650" "-325198" "-320225" "-293957" "-289765" "-271797" "-267378" "-265994" "-263676" "-263572" "-257583" "-253387" "-250322" "-247233" "-245350" "-238245" "-221722" "-215984" "-214781" "-208139" "-205082" "-201515" "-200259" "-197278" "-197126" "-196352" "-195805" "-182473" "-169514" "-161184" "-160768" "-154190" "-151580" "-150975" "-150755" "-143932" "-139339" "-135955" "-130693" "-126237" "-122819" "-122642" "-116875" "-116426" "-112482" "-105985" "-97855" "-95283" "-75391" "-67615" "-65886" "-61980" "-55723" "-51469" "-46060" "-43887" "-37822" "-25907" "-25132" "-24193" "-19913" "-19545" "-7851" "-226" "8358" "10765" "12824" "14342" "31191" "39569" "43554" "46192" "59086" "59604" "61280" "66383" "66552" "71143" "76539" "85763" "89256" "103965" "105543" "108368" "112678" "113714" "128322" "130624" "133070" "133716" "142606" "144866" "146926" "150703" "150942" "158407" "160376" "165363" "173958" "176122" "183479" "184908" "189405" "190922" "192478" "195498" "195702" "202583" "207446" "212205" "223727" "223746" "230685" "232810" "235118" "238337" "240714" "244703" "254787" "267368" "294832" "298554" "302514" "312230" "317313" "327786" "334299" "343638" "346505" "347664" "353992" "357975" "362826" "363703" "374106" "374902" "377025" "383843" "402442" "404202" "407414" "411276" "415833" "423512" "423923"
$> diff -U 3 user_output_test9 test9.output | cat -e

Diff OK :D
= Test 10 ==================================================
$> ./g90715i83573l85uj0qk3csh "-421100" "-407728" "-381749" "-375146" "-372222" "-371805" "-371585" "-369452" "-331100" "-301943" "-301536" "-296600" "-281541" "-265065" "-259493" "-259047" "-252917" "-249945" "-240130" "-198549" "-190343" "-180862" "-160194" "-155676" "-153734" "-149764" "-127265" "-111244" "-82079" "-61430" "-53454" "-30315" "-20154" "-17963" "-3663" "-1323" "6170" "23891" "33727" "37852" "65254" "85991" "97732" "106739" "112295" "118407" "125648" "137175" "153593" "173508" "182343" "187187" "196722" "200481" "202299" "205203" "208699" "211341" "215948" "217410" "221017" "223777" "224490" "234827" "236466" "236768" "238297" "239451" "242303" "242658" "262081" "277634" "291405" "297022" "299752" "305815" "318326" "323879" "334247" "362922" "367514" "378017" "383731" "415873" "423490"
$> ./g90715i83573l85uj0qk3csh "-421100" "-407728" "-381749" "-375146" "-372222" "-371805" "-371585" "-369452" "-331100" "-301943" "-301536" "-296600" "-281541" "-265065" "-259493" "-259047" "-252917" "-249945" "-240130" "-198549" "-190343" "-180862" "-160194" "-155676" "-153734" "-149764" "-127265" "-111244" "-82079" "-61430" "-53454" "-30315" "-20154" "-17963" "-3663" "-1323" "6170" "23891" "33727" "37852" "65254" "85991" "97732" "106739" "112295" "118407" "125648" "137175" "153593" "173508" "182343" "187187" "196722" "200481" "202299" "205203" "208699" "211341" "215948" "217410" "221017" "223777" "224490" "234827" "236466" "236768" "238297" "239451" "242303" "242658" "262081" "277634" "291405" "297022" "299752" "305815" "318326" "323879" "334247" "362922" "367514" "378017" "383731" "415873" "423490"
$> diff -U 3 user_output_test10 test10.output | cat -e

Diff OK :D
= Test 11 ==================================================
$> ./dm7jyoaewtn5zvt6fu3ps5l2 "-222836" "135790" "-155474" "258132" "310973" "-342100" "353319" "-168515" "181445" "-113581" "-32861" "421245" "26097" "266887" "-336700" "-346140" "261507" "-265892" "-414435" "78265" "-255031" "-251854" "92720" "-329969" "29937" "390647" "169318" "143826" "-297670" "354177" "285522" "235139" "-196730" "416027" "-274877" "404864" "-45167" "69380" "264022" "-256816" "112662" "336513" "370115" "-60129" "-315857" "-340719" "322735" "-182999" "64757" "-367939" "75287" "-138254" "85737" "335407" "-386415" "-217705" "-375318" "-189762" "77858" "359811" "-219119" "252312" "-153787" "-360254" "361491" "114841" "370566" "251649" "-287192" "315080" "298212" "216728" "-286540" "-145682" "-197734" "345650" "-209297" "109466" "26591" "-253252" "2354" "-391740" "-237292" "394260" "146919" "-329166" "-344132" "-34811" "-400604" "257628" "-360795" "192098" "22554" "14394" "-10904" "192709" "285671" "299715" "50524" "-71701" "-45506" "348504" "-270485" "-394854"
$> ./dm7jyoaewtn5zvt6fu3ps5l2 "-222836" "135790" "-155474" "258132" "310973" "-342100" "353319" "-168515" "181445" "-113581" "-32861" "421245" "26097" "266887" "-336700" "-346140" "261507" "-265892" "-414435" "78265" "-255031" "-251854" "92720" "-329969" "29937" "390647" "169318" "143826" "-297670" "354177" "285522" "235139" "-196730" "416027" "-274877" "404864" "-45167" "69380" "264022" "-256816" "112662" "336513" "370115" "-60129" "-315857" "-340719" "322735" "-182999" "64757" "-367939" "75287" "-138254" "85737" "335407" "-386415" "-217705" "-375318" "-189762" "77858" "359811" "-219119" "252312" "-153787" "-360254" "361491" "114841" "370566" "251649" "-287192" "315080" "298212" "216728" "-286540" "-145682" "-197734" "345650" "-209297" "109466" "26591" "-253252" "2354" "-391740" "-237292" "394260" "146919" "-329166" "-344132" "-34811" "-400604" "257628" "-360795" "192098" "22554" "14394" "-10904" "192709" "285671" "299715" "50524" "-71701" "-45506" "348504" "-270485" "-394854"
$> diff -U 3 user_output_test11 test11.output | cat -e

Diff OK :D
= Test 12 ==================================================
$> ./zxm70z9nm3gvgo3fmt51p7xw "-115908" "54039" "1735" "66636" "29841" "-187915" "-64831" "-219598" "-405486" "423283" "28721" "-47323" "-65490" "239185" "152562" "-38580" "-29041" "105381" "-106588" "223953" "-136524" "93331" "-176428" "-183624" "378" "-99504" "-195957" "333921" "284076" "-339736" "-286088" "-364556" "-41674" "122670" "11614" "130246" "-50494" "122075" "244910" "203463" "154900" "-387664" "36673" "395377" "354439" "-235404" "-32314" "-182054" "116803" "-318047" "-251788" "-155405" "-398569" "-271374" "-223075" "92542" "275100" "-186336" "289142" "151285" "217499" "-240654" "-261118" "-160468" "18829" "371439" "345520" "258612" "129559" "-354283" "23603"
$> ./zxm70z9nm3gvgo3fmt51p7xw "-115908" "54039" "1735" "66636" "29841" "-187915" "-64831" "-219598" "-405486" "423283" "28721" "-47323" "-65490" "239185" "152562" "-38580" "-29041" "105381" "-106588" "223953" "-136524" "93331" "-176428" "-183624" "378" "-99504" "-195957" "333921" "284076" "-339736" "-286088" "-364556" "-41674" "122670" "11614" "130246" "-50494" "122075" "244910" "203463" "154900" "-387664" "36673" "395377" "354439" "-235404" "-32314" "-182054" "116803" "-318047" "-251788" "-155405" "-398569" "-271374" "-223075" "92542" "275100" "-186336" "289142" "151285" "217499" "-240654" "-261118" "-160468" "18829" "371439" "345520" "258612" "129559" "-354283" "23603"
$> diff -U 3 user_output_test12 test12.output | cat -e

Diff OK :D
= Test 13 ==================================================
$> ./cezteootzkzedljfh4zup5go "-310824" "-182422" "-306085" "-411254" "-56678" "-250204" "412994" "-150380" "104487" "371107" "203997" "-368911" "59130" "-276336" "-380658" "-300946" "347308" "342050" "88298" "57510" "58574" "404077" "-180092" "-277179" "-78760" "-373291"
$> ./cezteootzkzedljfh4zup5go "-310824" "-182422" "-306085" "-411254" "-56678" "-250204" "412994" "-150380" "104487" "371107" "203997" "-368911" "59130" "-276336" "-380658" "-300946" "347308" "342050" "88298" "57510" "58574" "404077" "-180092" "-277179" "-78760" "-373291"
$> diff -U 3 user_output_test13 test13.output | cat -e

Diff OK :D
= Test 14 ==================================================
$> ./8qv6mssioitojwe4ywpa8orn "-25264" "-75231" "347438" "-380648" "-163658" "-132238" "94443" "343487" "203608" "-234701" "139690" "-356598" "-212450" "-301204" "-13632" "-101868" "-137239" "-94846" "-75184" "137230" "-198032" "-376970" "10068" "-38619" "-366787" "-26313" "-106371" "-330033" "197514" "25094" "7873" "132370" "-80259" "-272720" "246042" "-385549" "-350046" "199580" "217053" "-62622" "-395706" "300887" "37938" "192913" "-28988" "419640" "326032" "-3544" "137767" "-194014" "39864" "-47844" "-78015" "-21732" "-265738" "-254040" "-113492" "180753" "113082" "-415925" "290895" "-124803" "340678" "-99282" "29803" "42771" "361840" "-14542" "184969" "-86824" "-6568" "180928" "21484" "-98464" "-413038" "-177106" "256207" "118769" "-405575" "167076" "-84719" "-407042" "-147950" "-254861" "388582" "-191745" "-49100" "-230583" "5792" "-85144" "260884" "-218628" "-159097" "306790" "50635" "408815" "-392806" "107332" "-110906" "-98069" "359907" "138171" "-184405" "204492" "-408026" "-106779" "348374" "-312490" "-203732" "371193" "71272" "172823" "219096" "178608" "-113728" "-359407" "233224" "269347" "86100" "-222483" "379850" "-246340" "242838" "382021" "251210" "45100" "351253" "270674" "-281960" "-145107" "-67969" "-179004" "136535" "98967" "-336043" "-195043" "-228781" "-111087" "-224155" "-206676" "26035" "406511" "-42133" "-236983" "-132071" "-185035" "-241269" "-350991" "17795" "317930" "279579" "-224400" "-8179" "-144183" "-85695" "241926" "-265524" "-88482" "60877" "232796" "302358" "-216008" "-361998" "-344151" "-158048" "-257666" "-369893" "-10206" "408967" "-232247" "-33677" "139110" "-14569" "271096" "355030" "-391033" "-358620" "-49596" "-116499" "191387" "212398" "196857" "299064" "363935" "88293" "341667" "-99108"
$> ./8qv6mssioitojwe4ywpa8orn "-25264" "-75231" "347438" "-380648" "-163658" "-132238" "94443" "343487" "203608" "-234701" "139690" "-356598" "-212450" "-301204" "-13632" "-101868" "-137239" "-94846" "-75184" "137230" "-198032" "-376970" "10068" "-38619" "-366787" "-26313" "-106371" "-330033" "197514" "25094" "7873" "132370" "-80259" "-272720" "246042" "-385549" "-350046" "199580" "217053" "-62622" "-395706" "300887" "37938" "192913" "-28988" "419640" "326032" "-3544" "137767" "-194014" "39864" "-47844" "-78015" "-21732" "-265738" "-254040" "-113492" "180753" "113082" "-415925" "290895" "-124803" "340678" "-99282" "29803" "42771" "361840" "-14542" "184969" "-86824" "-6568" "180928" "21484" "-98464" "-413038" "-177106" "256207" "118769" "-405575" "167076" "-84719" "-407042" "-147950" "-254861" "388582" "-191745" "-49100" "-230583" "5792" "-85144" "260884" "-218628" "-159097" "306790" "50635" "408815" "-392806" "107332" "-110906" "-98069" "359907" "138171" "-184405" "204492" "-408026" "-106779" "348374" "-312490" "-203732" "371193" "71272" "172823" "219096" "178608" "-113728" "-359407" "233224" "269347" "86100" "-222483" "379850" "-246340" "242838" "382021" "251210" "45100" "351253" "270674" "-281960" "-145107" "-67969" "-179004" "136535" "98967" "-336043" "-195043" "-228781" "-111087" "-224155" "-206676" "26035" "406511" "-42133" "-236983" "-132071" "-185035" "-241269" "-350991" "17795" "317930" "279579" "-224400" "-8179" "-144183" "-85695" "241926" "-265524" "-88482" "60877" "232796" "302358" "-216008" "-361998" "-344151" "-158048" "-257666" "-369893" "-10206" "408967" "-232247" "-33677" "139110" "-14569" "271096" "355030" "-391033" "-358620" "-49596" "-116499" "191387" "212398" "196857" "299064" "363935" "88293" "341667" "-99108"
$> diff -U 3 user_output_test14 test14.output | cat -e

Diff OK :D
= Test 15 ==================================================
$> ./w86zb5e26ykesqb5ev13ypm9 "139083" "-340562" "326067" "-222640"
$> ./w86zb5e26ykesqb5ev13ypm9 "139083" "-340562" "326067" "-222640"
$> diff -U 3 user_output_test15 test15.output | cat -e

Diff OK :D
Grade: 10

= ex05 =========================================================================
$> /usr/bin/norminette  ft_strlen.c ft_putchar.c ft_putnbr.c ft_atoi.c ft_putstr.c main.c operators.c | grep -E '^(Error|Warning)'

$> make clean && make && make fclean && make && make clean && ls -la do-op
rm -f main.o ft_atoi.o ft_putchar.o ft_putnbr.o ft_putstr.o ft_strlen.o operators.o
gcc -Wall -Werror -Wextra -c main.c -o main.o
gcc -Wall -Werror -Wextra -c ft_atoi.c -o ft_atoi.o
gcc -Wall -Werror -Wextra -c ft_putchar.c -o ft_putchar.o
gcc -Wall -Werror -Wextra -c ft_putnbr.c -o ft_putnbr.o
gcc -Wall -Werror -Wextra -c ft_putstr.c -o ft_putstr.o
gcc -Wall -Werror -Wextra -c ft_strlen.c -o ft_strlen.o
gcc -Wall -Werror -Wextra -c operators.c -o operators.o
gcc -Wall -Werror -Wextra -o do-op main.o ft_atoi.o ft_putchar.o ft_putnbr.o ft_putstr.o ft_strlen.o operators.o
rm -f main.o ft_atoi.o ft_putchar.o ft_putnbr.o ft_putstr.o ft_strlen.o operators.o
rm -f do-op
gcc -Wall -Werror -Wextra -c main.c -o main.o
gcc -Wall -Werror -Wextra -c ft_atoi.c -o ft_atoi.o
gcc -Wall -Werror -Wextra -c ft_putchar.c -o ft_putchar.o
gcc -Wall -Werror -Wextra -c ft_putnbr.c -o ft_putnbr.o
gcc -Wall -Werror -Wextra -c ft_putstr.c -o ft_putstr.o
gcc -Wall -Werror -Wextra -c ft_strlen.c -o ft_strlen.o
gcc -Wall -Werror -Wextra -c operators.c -o operators.o
gcc -Wall -Werror -Wextra -o do-op main.o ft_atoi.o ft_putchar.o ft_putnbr.o ft_putstr.o ft_strlen.o operators.o
rm -f main.o ft_atoi.o ft_putchar.o ft_putnbr.o ft_putstr.o ft_strlen.o operators.o
-rwxr-xr-x  1 deepthought  deepthought  9484 Aug 19 09:04 do-op

$> gcc -Wextra -Wall -Werror doop.c -o ref_exe 

= Test 1 ===================================================
$> ./5fu7prolwujx1k612vcrel9q  37 + 20
$> ./5fu7prolwujx1k612vcrel9q  37 + 20
$> diff -U 3 user_output_test1 test1.output | cat -e

Diff OK :D
= Test 2 ===================================================
$> ./dibl1qtr8dxfqv0j0xdzugut  10 - 52
$> ./dibl1qtr8dxfqv0j0xdzugut  10 - 52
$> diff -U 3 user_output_test2 test2.output | cat -e

Diff OK :D
= Test 3 ===================================================
$> ./vrmeaae6kqotmcafftt8r86l  595 / 50
$> ./vrmeaae6kqotmcafftt8r86l  595 / 50
$> diff -U 3 user_output_test3 test3.output | cat -e

Diff OK :D
= Test 4 ===================================================
$> ./iaekkk675oui7bq4xqc1avr8  12 * 50
$> ./iaekkk675oui7bq4xqc1avr8  12 * 50
$> diff -U 3 user_output_test4 test4.output | cat -e

Diff OK :D
= Test 5 ===================================================
$> ./m6m2dcprk92lnitjgiz3iolm  597 % 10
$> ./m6m2dcprk92lnitjgiz3iolm  597 % 10
$> diff -U 3 user_output_test5 test5.output | cat -e

Diff OK :D
= Test 6 ===================================================
$> ./b1ijlq1ua1pj9w0cnfa51g2q  527 prout 57
$> ./b1ijlq1ua1pj9w0cnfa51g2q  527 prout 57
$> diff -U 3 user_output_test6 test6.output | cat -e

Diff OK :D
= Test 7 ===================================================
$> ./k3ed6zon2lcjmxciqhwrwmu9  540 p 11
$> ./k3ed6zon2lcjmxciqhwrwmu9  540 p 11
$> diff -U 3 user_output_test7 test7.output | cat -e

Diff OK :D
= Test 8 ===================================================
$> ./wig8cdcogb9cuien17v1m7kj  586b + 14
$> ./wig8cdcogb9cuien17v1m7kj  586b + 14
$> diff -U 3 user_output_test8 test8.output | cat -e

Diff OK :D
= Test 9 ===================================================
$> ./5n62kjlae1slmdb5efp45h6m  550 + 23etEPuMkMNB
$> ./5n62kjlae1slmdb5efp45h6m  550 + 23etEPuMkMNB
$> diff -U 3 user_output_test9 test9.output | cat -e

Diff OK :D
= Test 10 ==================================================
$> ./znsmwim14oscstl2icvhdfv8  uv508 - 23KBAf
$> ./znsmwim14oscstl2icvhdfv8  uv508 - 23KBAf
$> diff -U 3 user_output_test10 test10.output | cat -e

Diff OK :D
= Test 11 ==================================================
$> ./drgpu0hv84l9a3lexbci6pvx -2147483648 - 1
$> ./drgpu0hv84l9a3lexbci6pvx -2147483648 - 1
$> diff -U 3 user_output_test11 test11.output | cat -e

Diff OK :D
= Test 12 ==================================================
$> ./v0tsj8kfht1uo6r9z85w8yro -2147483648 - 0
$> ./v0tsj8kfht1uo6r9z85w8yro -2147483648 - 0
$> diff -U 3 user_output_test12 test12.output | cat -e

Diff OK :D
= Test 13 ==================================================
$> ./f9yyhzl7g0w4hkli244ms3nx -2147483648 + 0
$> ./f9yyhzl7g0w4hkli244ms3nx -2147483648 + 0
$> diff -U 3 user_output_test13 test13.output | cat -e

Diff OK :D
= Test 14 ==================================================
$> ./8nibeddqgjz4wg2heenr3gaz -2147483648 * 0
$> ./8nibeddqgjz4wg2heenr3gaz -2147483648 * 0
$> diff -U 3 user_output_test14 test14.output | cat -e

Diff OK :D
= Test 15 ==================================================
$> ./804i872yfsqe8w4abjdwgqds -2147483648 / 0
$> ./804i872yfsqe8w4abjdwgqds -2147483648 / 0
$> diff -U 3 user_output_test15 test15.output | cat -e

Diff OK :D
Grade: 15

= ex06 =========================================================================
$> /usr/bin/norminette  ft_sort_string_tab.c | grep -E '^(Error|Warning)'

$> gcc -Wextra -Wall -Werror ft_sort_string_tab.c main.c -o user_exe 

$> gcc -Wextra -Wall -Werror ft_sort_string_tab.c main.c -o ref_exe 

= Test 1 ===================================================
$> ./4d07x5tyrfr5lmfecqpvns7n "5K" "ST6V0"
$> ./4d07x5tyrfr5lmfecqpvns7n "5K" "ST6V0"
$> diff -U 3 user_output_test1 test1.output | cat -e

Diff OK :D
= Test 2 ===================================================
$> ./igcr2i7q7g6ii5mf8ekchvj0 "k" "zP0JpZtTiR2L"
$> ./igcr2i7q7g6ii5mf8ekchvj0 "k" "zP0JpZtTiR2L"
$> diff -U 3 user_output_test2 test2.output | cat -e

Diff OK :D
= Test 3 ===================================================
$> ./8pkr6cy3pe1wb4wzx7vb2be9 "mE" "LO2Mtq"
$> ./8pkr6cy3pe1wb4wzx7vb2be9 "mE" "LO2Mtq"
$> diff -U 3 user_output_test3 test3.output | cat -e

Diff OK :D
= Test 4 ===================================================
$> ./u66tdgbu1rkrqm006zdb43e2 "T1cGXrpOkx8" "6t"
$> ./u66tdgbu1rkrqm006zdb43e2 "T1cGXrpOkx8" "6t"
$> diff -U 3 user_output_test4 test4.output | cat -e

Diff OK :D
= Test 5 ===================================================
$> ./xvooqvtdmplzakl241np98ah "sYVgWNwa" "4G"
$> ./xvooqvtdmplzakl241np98ah "sYVgWNwa" "4G"
$> diff -U 3 user_output_test5 test5.output | cat -e

Diff OK :D
= Test 6 ===================================================
$> ./o1gp6b0878b6p7zb7nkxiint "YvZzucySJOA" "nPAj" "QwDe3bB" "Zm6" "bTm" "O" "j" "onJ" "qgb45SIu6Vn"
$> ./o1gp6b0878b6p7zb7nkxiint "YvZzucySJOA" "nPAj" "QwDe3bB" "Zm6" "bTm" "O" "j" "onJ" "qgb45SIu6Vn"
$> diff -U 3 user_output_test6 test6.output | cat -e

Diff OK :D
= Test 7 ===================================================
$> ./l1nxdeagfm989h3haz1dm1pc "eTU4" "3fHUEv10iAk7" "CizD4" "t3OC1N" "lxbGD2t" "Qz12s" "bvR" "Lx" "iy03KcYFeP" "P2" "KC" "uAH" "ErNL2Mzbw9" "z" "Ktc2dZa" "Uu8nL1Hw94Cz"
$> ./l1nxdeagfm989h3haz1dm1pc "eTU4" "3fHUEv10iAk7" "CizD4" "t3OC1N" "lxbGD2t" "Qz12s" "bvR" "Lx" "iy03KcYFeP" "P2" "KC" "uAH" "ErNL2Mzbw9" "z" "Ktc2dZa" "Uu8nL1Hw94Cz"
$> diff -U 3 user_output_test7 test7.output | cat -e

Diff OK :D
= Test 8 ===================================================
$> ./7h1dr0f92k22txofne4i8uqo "omcAp" "fqbaiw4AjgDK" "E2yQ" "rySvsZ6" "JpScrL" "yNdT2P41fE" "AOLwa" "16ltxo" "PK" "4" "e6Nzlx1b" "JqtCk" "Ry7r" "E0" "Ja" "0qxHMP" "jHAJ" "dB37wyQC" "t2XvZum6UC"
$> ./7h1dr0f92k22txofne4i8uqo "omcAp" "fqbaiw4AjgDK" "E2yQ" "rySvsZ6" "JpScrL" "yNdT2P41fE" "AOLwa" "16ltxo" "PK" "4" "e6Nzlx1b" "JqtCk" "Ry7r" "E0" "Ja" "0qxHMP" "jHAJ" "dB37wyQC" "t2XvZum6UC"
$> diff -U 3 user_output_test8 test8.output | cat -e

Diff OK :D
= Test 9 ===================================================
$> ./bmq0mvdp7w1peo076lvjh6tl "wBht91J" "lO3cd" "kFO"
$> ./bmq0mvdp7w1peo076lvjh6tl "wBht91J" "lO3cd" "kFO"
$> diff -U 3 user_output_test9 test9.output | cat -e

Diff OK :D
= Test 10 ==================================================
$> ./ahobtbzr43452izyz5cxx7lg "KUsi3" "ZM" "dUS" "lZx" "8P0OAy4i" "d4S" "Gu5RTlSN7" "CvFjk7ns8e" "Rjhnc" "JNHwilsX" "FOlqJwy" "kvuWBLRCP" "1ET" "FZkT5" "MyQhk0" "fgBERU" "TAczloe"
$> ./ahobtbzr43452izyz5cxx7lg "KUsi3" "ZM" "dUS" "lZx" "8P0OAy4i" "d4S" "Gu5RTlSN7" "CvFjk7ns8e" "Rjhnc" "JNHwilsX" "FOlqJwy" "kvuWBLRCP" "1ET" "FZkT5" "MyQhk0" "fgBERU" "TAczloe"
$> diff -U 3 user_output_test10 test10.output | cat -e

Diff OK :D
= Test 11 ==================================================
$> ./1hxs79s531sh9mr7ylmfjce9 "JrQ" "X" "cDJ" "PbZaBCnudAy" "mMW758tN"
$> ./1hxs79s531sh9mr7ylmfjce9 "JrQ" "X" "cDJ" "PbZaBCnudAy" "mMW758tN"
$> diff -U 3 user_output_test11 test11.output | cat -e

Diff OK :D
= Test 12 ==================================================
$> ./jq4zo1ynm0z1ibqb5h8afcza "uWhVZ" "uSxOzwfbGeUX" "Ej3" "8tvJ" "qR" "MxDuQXS" "cUWX8zpOSbC0" "4Frs" "0Ipz" "iVtL0" "wlXfp"
$> ./jq4zo1ynm0z1ibqb5h8afcza "uWhVZ" "uSxOzwfbGeUX" "Ej3" "8tvJ" "qR" "MxDuQXS" "cUWX8zpOSbC0" "4Frs" "0Ipz" "iVtL0" "wlXfp"
$> diff -U 3 user_output_test12 test12.output | cat -e

Diff OK :D
= Test 13 ==================================================
$> ./we4hyfpk9e7mgvggcp6lko70
$> ./we4hyfpk9e7mgvggcp6lko70
$> diff -U 3 user_output_test13 test13.output | cat -e

Diff OK :D
Grade: 15

= ex07 =========================================================================
$> /usr/bin/norminette  ft_advanced_sort_string_tab.c | grep -E '^(Error|Warning)'

$> gcc -Wextra -Wall -Werror main.c ft_advanced_sort_string_tab.c -o user_exe 

$> gcc -Wextra -Wall -Werror main.c ft_advanced_sort_string_tab.c -o ref_exe 

= Test 1 ===================================================
$> ./ljxb2uhcdmptwldldfhdmlnd "7F" "1SAG2iEL"
$> ./ljxb2uhcdmptwldldfhdmlnd "7F" "1SAG2iEL"
$> diff -U 3 user_output_test1 test1.output | cat -e

Diff OK :D
= Test 2 ===================================================
$> ./cvz7jsg72w38bef6kwvsrdu1 "kji4vc1WN5s" "cOI"
$> ./cvz7jsg72w38bef6kwvsrdu1 "kji4vc1WN5s" "cOI"
$> diff -U 3 user_output_test2 test2.output | cat -e

Diff OK :D
= Test 3 ===================================================
$> ./pmqc2fb6pkox38loi1blx9rg "7PtiFlox" "1KQS6ak2is9e"
$> ./pmqc2fb6pkox38loi1blx9rg "7PtiFlox" "1KQS6ak2is9e"
$> diff -U 3 user_output_test3 test3.output | cat -e

Diff OK :D
= Test 4 ===================================================
$> ./8u3wk7z65usmazc7bftj105x "D5FqSNnfubkG" "9Oj17Cza"
$> ./8u3wk7z65usmazc7bftj105x "D5FqSNnfubkG" "9Oj17Cza"
$> diff -U 3 user_output_test4 test4.output | cat -e

Diff OK :D
= Test 5 ===================================================
$> ./d1f2qs54p3coar1l8bi48iyt "fUKNh" "gViaTn"
$> ./d1f2qs54p3coar1l8bi48iyt "fUKNh" "gViaTn"
$> diff -U 3 user_output_test5 test5.output | cat -e

Diff OK :D
= Test 6 ===================================================
$> ./lcll6stx24rj6jt2cvobustj "bPN4" "UiRYlKajoO" "gyKx" "5fYWvrUu0CzV" "mW"
$> ./lcll6stx24rj6jt2cvobustj "bPN4" "UiRYlKajoO" "gyKx" "5fYWvrUu0CzV" "mW"
$> diff -U 3 user_output_test6 test6.output | cat -e

Diff OK :D
= Test 7 ===================================================
$> ./lynzg6e97kai8u9zfitarrko "SNDE" "EqH7VaPRbzSl" "vx83tTR6Pg" "BM3WskgI" "ej82ozca" "G4uVP6SR7ljp" "I1" "s" "ay" "uX03" "cDrvNB7laWEu" "8GR7Z" "SN6CWszdk" "M7jK1GuenNU" "6cwXTUF" "j7v5mPLC" "SiUW2jacOwD" "YvaVi" "sUhPkDroOpbH"
$> ./lynzg6e97kai8u9zfitarrko "SNDE" "EqH7VaPRbzSl" "vx83tTR6Pg" "BM3WskgI" "ej82ozca" "G4uVP6SR7ljp" "I1" "s" "ay" "uX03" "cDrvNB7laWEu" "8GR7Z" "SN6CWszdk" "M7jK1GuenNU" "6cwXTUF" "j7v5mPLC" "SiUW2jacOwD" "YvaVi" "sUhPkDroOpbH"
$> diff -U 3 user_output_test7 test7.output | cat -e
--- user_output_test7   2021-08-19 09:05:00.000000000 +0000$
+++ test7.output        2021-08-19 09:05:01.000000000 +0000$
@@ -7,16 +7,16 @@$
 tab[5]: 8GR7Z$
 tab[6]: YvaVi$
 tab[7]: 6cwXTUF$
-tab[8]: ej82ozca$
-tab[9]: j7v5mPLC$
-tab[10]: BM3WskgI$
+tab[8]: BM3WskgI$
+tab[9]: ej82ozca$
+tab[10]: j7v5mPLC$
 tab[11]: SN6CWszdk$
 tab[12]: vx83tTR6Pg$
-tab[13]: SiUW2jacOwD$
-tab[14]: M7jK1GuenNU$
-tab[15]: G4uVP6SR7ljp$
-tab[16]: cDrvNB7laWEu$
-tab[17]: EqH7VaPRbzSl$
+tab[13]: M7jK1GuenNU$
+tab[14]: SiUW2jacOwD$
+tab[15]: EqH7VaPRbzSl$
+tab[16]: G4uVP6SR7ljp$
+tab[17]: cDrvNB7laWEu$
 tab end$
 tab start$
 tab[0]: 6cwXTUF$

Diff KO :(
Grade: 0

= Final grade: 80 ==============================================================