= Host-specific information ====================================================
$> hostname; uname -msr
ox-o2.msk.21-school.ru
Darwin 18.7.0 x86_64
$> date
Sun Jan  2 22:27:26 MSK 2022
$> gcc --version
Configured with: --prefix=/Applications/Xcode.app/Contents/Developer/usr --with-gxx-include-dir=/Library/Developer/CommandLineTools/SDKs/MacOSX10.14.sdk/usr/include/c++/4.2.1
Apple clang version 11.0.0 (clang-1100.0.33.17)
Target: x86_64-apple-darwin18.7.0
Thread model: posix
InstalledDir: /Applications/Xcode.app/Contents/Developer/Toolchains/XcodeDefault.xctoolchain/usr/bin
$> clang --version
Apple clang version 11.0.0 (clang-1100.0.33.17)
Target: x86_64-apple-darwin18.7.0
Thread model: posix
InstalledDir: /Applications/Xcode.app/Contents/Developer/Toolchains/XcodeDefault.xctoolchain/usr/bin

= User files collection ========================================================
Collecting user files from Vogsphere
Repository URL: git@vogsphere.msk.21-school.ru:vogsphere/intra-uuid-a9eb4664-c4be-4d00-8db4-946b961e1e34-3936321

= Git history ==================================================================
$> git -C /tmp/tmpjsTy59/user log --pretty='%H - %an, %ad : %s'
99e2274999552da3b94ef4bebd5c0e14fc22ab15 - llirrikk, Sun Jan 2 19:55:34 2022 +0300 : retry

= Collected files ==========================================
$> ls -lAR /tmp/tmpjsTy59/user
total 104
-rw-r--r--  1 root  wheel  1517 Jan  2 22:27 Makefile
-rw-r--r--  1 root  wheel   793 Jan  2 22:27 __GIT_HISTORY
-rw-r--r--  1 root  wheel  1322 Jan  2 22:27 ft_handling_str_args.c
-rw-r--r--  1 root  wheel  1598 Jan  2 22:27 ft_itoa.c
-rw-r--r--  1 root  wheel  1636 Jan  2 22:27 ft_ltoa.c
-rw-r--r--  1 root  wheel  1656 Jan  2 22:27 ft_pointer_to_str.c
-rw-r--r--  1 root  wheel  1998 Jan  2 22:27 ft_printf.c
-rw-r--r--  1 root  wheel  1331 Jan  2 22:27 ft_printf.h
-rw-r--r--  1 root  wheel  1000 Jan  2 22:27 ft_putchar.c
-rw-r--r--  1 root  wheel  2689 Jan  2 22:27 ft_putnbr_base.c
-rw-r--r--  1 root  wheel  1276 Jan  2 22:27 ft_putstr.c
-rw-r--r--  1 root  wheel  1058 Jan  2 22:27 ft_strcpy.c
-rw-r--r--  1 root  wheel   992 Jan  2 22:27 ft_strlen.c

= test_spdxiucpercent ==========================================================
$> /usr/bin/norminette  ft_pointer_to_str.c ft_strcpy.c ft_putnbr_base.c ft_strlen.c ft_ltoa.c ft_printf.h ft_handling_str_args.c ft_itoa.c ft_putstr.c ft_printf.c ft_putchar.c | grep -E '^(Error|Warning)'

rm -f ft_ltoa.o ft_putchar.o ft_putstr.o ft_pointer_to_str.o ft_itoa.o ft_printf.o ft_putnbr_base.o ft_strlen.o ft_handling_str_args.o ft_strcpy.o
gcc -Wall -Werror -Wextra -I.ft_printf.h -c ft_ltoa.c -o ft_ltoa.o
gcc -Wall -Werror -Wextra -I.ft_printf.h -c ft_putchar.c -o ft_putchar.o
gcc -Wall -Werror -Wextra -I.ft_printf.h -c ft_putstr.c -o ft_putstr.o
gcc -Wall -Werror -Wextra -I.ft_printf.h -c ft_pointer_to_str.c -o ft_pointer_to_str.o
gcc -Wall -Werror -Wextra -I.ft_printf.h -c ft_itoa.c -o ft_itoa.o
gcc -Wall -Werror -Wextra -I.ft_printf.h -c ft_printf.c -o ft_printf.o
gcc -Wall -Werror -Wextra -I.ft_printf.h -c ft_putnbr_base.c -o ft_putnbr_base.o
gcc -Wall -Werror -Wextra -I.ft_printf.h -c ft_strlen.c -o ft_strlen.o
gcc -Wall -Werror -Wextra -I.ft_printf.h -c ft_handling_str_args.c -o ft_handling_str_args.o
gcc -Wall -Werror -Wextra -I.ft_printf.h -c ft_strcpy.c -o ft_strcpy.o
ar -rcs libftprintf.a ft_ltoa.o ft_putchar.o ft_putstr.o ft_pointer_to_str.o ft_itoa.o ft_printf.o ft_putnbr_base.o ft_strlen.o ft_handling_str_args.o ft_strcpy.o ft_printf.h
rm -f ft_ltoa.o ft_putchar.o ft_putstr.o ft_pointer_to_str.o ft_itoa.o ft_printf.o ft_putnbr_base.o ft_strlen.o ft_handling_str_args.o ft_strcpy.o
rm -f libftprintf.a
gcc -Wall -Werror -Wextra -I.ft_printf.h -c ft_ltoa.c -o ft_ltoa.o
gcc -Wall -Werror -Wextra -I.ft_printf.h -c ft_putchar.c -o ft_putchar.o
gcc -Wall -Werror -Wextra -I.ft_printf.h -c ft_putstr.c -o ft_putstr.o
gcc -Wall -Werror -Wextra -I.ft_printf.h -c ft_pointer_to_str.c -o ft_pointer_to_str.o
gcc -Wall -Werror -Wextra -I.ft_printf.h -c ft_itoa.c -o ft_itoa.o
gcc -Wall -Werror -Wextra -I.ft_printf.h -c ft_printf.c -o ft_printf.o
gcc -Wall -Werror -Wextra -I.ft_printf.h -c ft_putnbr_base.c -o ft_putnbr_base.o
gcc -Wall -Werror -Wextra -I.ft_printf.h -c ft_strlen.c -o ft_strlen.o
gcc -Wall -Werror -Wextra -I.ft_printf.h -c ft_handling_str_args.c -o ft_handling_str_args.o
gcc -Wall -Werror -Wextra -I.ft_printf.h -c ft_strcpy.c -o ft_strcpy.o
ar -rcs libftprintf.a ft_ltoa.o ft_putchar.o ft_putstr.o ft_pointer_to_str.o ft_itoa.o ft_printf.o ft_putnbr_base.o ft_strlen.o ft_handling_str_args.o ft_strcpy.o ft_printf.h
rm -f ft_ltoa.o ft_putchar.o ft_putstr.o ft_pointer_to_str.o ft_itoa.o ft_printf.o ft_putnbr_base.o ft_strlen.o ft_handling_str_args.o ft_strcpy.o
rm -f libftprintf.a
gcc -Wall -Werror -Wextra -I.ft_printf.h -c ft_ltoa.c -o ft_ltoa.o
gcc -Wall -Werror -Wextra -I.ft_printf.h -c ft_putchar.c -o ft_putchar.o
gcc -Wall -Werror -Wextra -I.ft_printf.h -c ft_putstr.c -o ft_putstr.o
gcc -Wall -Werror -Wextra -I.ft_printf.h -c ft_pointer_to_str.c -o ft_pointer_to_str.o
gcc -Wall -Werror -Wextra -I.ft_printf.h -c ft_itoa.c -o ft_itoa.o
gcc -Wall -Werror -Wextra -I.ft_printf.h -c ft_printf.c -o ft_printf.o
gcc -Wall -Werror -Wextra -I.ft_printf.h -c ft_putnbr_base.c -o ft_putnbr_base.o
gcc -Wall -Werror -Wextra -I.ft_printf.h -c ft_strlen.c -o ft_strlen.o
gcc -Wall -Werror -Wextra -I.ft_printf.h -c ft_handling_str_args.c -o ft_handling_str_args.o
gcc -Wall -Werror -Wextra -I.ft_printf.h -c ft_strcpy.c -o ft_strcpy.o
ar -rcs libftprintf.a ft_ltoa.o ft_putchar.o ft_putstr.o ft_pointer_to_str.o ft_itoa.o ft_printf.o ft_putnbr_base.o ft_strlen.o ft_handling_str_args.o ft_strcpy.o ft_printf.h
-rw-r--r--  1 deepthought  deepthought  15888 Jan  2 19:27 libftprintf.a

clang -Wall -Wextra -Werror -fsanitize=address   -c -o test_s.o test_s.c
clang -Wall -Wextra -Werror -fsanitize=address   -c -o test_d.o test_d.c
clang -Wall -Wextra -Werror -fsanitize=address   -c -o test_p.o test_p.c
clang -Wall -Wextra -Werror -fsanitize=address   -c -o test_x.o test_x.c
clang -Wall -Wextra -Werror -fsanitize=address   -c -o test_i.o test_i.c
clang -Wall -Wextra -Werror -fsanitize=address   -c -o test_u.o test_u.c
clang -Wall -Wextra -Werror -fsanitize=address   -c -o test_c.o test_c.c
clang -Wall -Wextra -Werror -fsanitize=address   -c -o test_mix.o test_mix.c
clang -Wall -Wextra -Werror -fsanitize=address   -c -o main.o main.c
clang -Wall -Wextra -Werror -fsanitize=address -o test_printf -L. test_s.o test_d.o test_p.o test_x.o test_i.o test_u.o test_c.o test_mix.o main.o -lftprintf

test_s: [ok]
test_d: [ok]
test_p: [ok]
test_x: [ok]
test_i: [ok]
test_u: [ok]
test_c: [ok]
test_mix: [ok]

8/8 correct functions
Grade: 100

= bonus_one ====================================================================
rm -f ft_ltoa.o ft_putchar.o ft_putstr.o ft_pointer_to_str.o ft_itoa.o ft_printf.o ft_putnbr_base.o ft_strlen.o ft_handling_str_args.o ft_strcpy.o
make: *** No rule to make target `bonus'.  Stop.

Grade: 0

= bonus_two ====================================================================
rm -f ft_ltoa.o ft_putchar.o ft_putstr.o ft_pointer_to_str.o ft_itoa.o ft_printf.o ft_putnbr_base.o ft_strlen.o ft_handling_str_args.o ft_strcpy.o
make: *** No rule to make target `bonus'.  Stop.

Grade: 0

= Final grade: 100 =============================================================
