= Host-specific information ====================================================
$> hostname; uname -msr
at-e4.msk.21-school.ru
Darwin 18.7.0 x86_64
$> date
Fri Oct 22 23:38:51 MSK 2021
$> gcc --version
Configured with: --prefix=/Applications/Xcode.app/Contents/Developer/usr --with-gxx-include-dir=/Library/Developer/CommandLineTools/SDKs/MacOSX10.14.sdk/usr/include/c++/4.2.1
Apple clang version 11.0.0 (clang-1100.0.33.17)
Target: x86_64-apple-darwin18.7.0
Thread model: posix
InstalledDir: /Applications/Xcode.app/Contents/Developer/Toolchains/XcodeDefault.xctoolchain/usr/bin
$> clang --version
Apple clang version 11.0.0 (clang-1100.0.33.17)
Target: x86_64-apple-darwin18.7.0
Thread model: posix
InstalledDir: /Applications/Xcode.app/Contents/Developer/Toolchains/XcodeDefault.xctoolchain/usr/bin

= User files collection ========================================================
Collecting user files from Vogsphere
Repository URL: git@vogsphere.msk.21-school.ru:vogsphere/intra-uuid-36df48ef-33d4-419a-b2b7-0bb72f226970-3833265

= Git history ==================================================================
$> git -C /tmp/tmpomnSe4/user log --pretty='%H - %an, %ad : %s'
75c02fde65d9e1309cd434ca9255bbd81fb9d01b - llirrikk, Fri Oct 22 20:03:06 2021 +0300 : third :)
dd14216b8345c5acd705763db31e267925e7e8b8 - llirrikk, Fri Oct 22 19:56:54 2021 +0300 : second :_
88cd36ffb5802325bcf05ca2a67e4dc8732eb6a8 - llirrikk, Mon Oct 18 23:51:52 2021 +0300 : first :)
 
= Collected files ==========================================
$> ls -lAR /tmp/tmpomnSe4/user
total 56
-rw-r--r--  1 root  wheel  1088 Oct 22 23:38 __GIT_HISTORY
-rw-r--r--  1 root  wheel  2843 Oct 22 23:38 get_next_line.c
-rw-r--r--  1 root  wheel  1183 Oct 22 23:38 get_next_line.h
-rw-r--r--  1 root  wheel  2889 Oct 22 23:38 get_next_line_bonus.c
-rw-r--r--  1 root  wheel  1223 Oct 22 23:38 get_next_line_bonus.h
-rw-r--r--  1 root  wheel  2188 Oct 22 23:38 get_next_line_utils.c
-rw-r--r--  1 root  wheel  2194 Oct 22 23:38 get_next_line_utils_bonus.c
 
= basic_tests ==================================================================
$> /usr/bin/norminette  get_next_line_bonus.c get_next_line_utils.c get_next_line_utils_bonus.c get_next_line_bonus.h get_next_line.c get_next_line.h | grep -E '^(Error|Warning)'

>>>>>>>>>>> 1
>>>>>>>>>>> 2
>>>>>>>>>>> 3
>>>>>>>>>>> 4

>>>>>>>>>>> 5

>>>>>>>>>>> 1
>>>>>>>>>>> 2
>>>>>>>>>>> 3
>>>>>>>>>>> 4

GNL OK
Grade: 100

= bonus_tests ==================================================================
GNL OK
Grade: 25

= Final grade: 125 =============================================================